TN:
SF:backend/deriveCostComplexity.js
FN:7,toSearchText
FN:21,normalizeSignals
FN:33,deriveCost
FN:50,deriveComplexity
FNF:4
FNH:4
FNDA:88,toSearchText
FNDA:88,normalizeSignals
FNDA:44,deriveCost
FNDA:44,deriveComplexity
DA:8,88
DA:9,88
DA:10,88
DA:13,88
DA:22,88
DA:23,88
DA:34,44
DA:35,44
DA:38,44
DA:40,44
DA:42,44
DA:43,44
DA:45,44
DA:46,38
DA:47,22
DA:51,44
DA:52,44
DA:55,44
DA:57,44
DA:59,44
DA:60,44
DA:62,44
DA:63,30
DA:64,20
DA:67,1
LF:25
LH:25
BRDA:8,0,0,88
BRDA:8,0,1,0
BRDA:9,1,0,88
BRDA:9,1,1,0
BRDA:9,2,0,88
BRDA:9,2,1,0
BRDA:22,3,0,4
BRDA:22,3,1,84
BRDA:24,4,0,88
BRDA:24,4,1,80
BRDA:25,5,0,88
BRDA:25,5,1,80
BRDA:26,6,0,88
BRDA:26,6,1,80
BRDA:27,7,0,88
BRDA:27,7,1,32
BRDA:28,8,0,88
BRDA:28,8,1,80
BRDA:42,9,0,44
BRDA:42,9,1,28
BRDA:45,10,0,6
BRDA:45,10,1,38
BRDA:45,11,0,44
BRDA:45,11,1,10
BRDA:46,12,0,16
BRDA:46,12,1,22
BRDA:46,13,0,38
BRDA:46,13,1,20
BRDA:62,14,0,14
BRDA:62,14,1,30
BRDA:62,15,0,44
BRDA:62,15,1,20
BRDA:63,16,0,10
BRDA:63,16,1,20
BRDA:63,17,0,30
BRDA:63,17,1,16
BRF:36
BRH:33
end_of_record
TN:
SF:src/components/FilterPanel.js
FN:26,buildSelectedSubTerms
FN:41,buildInScopeIds
FN:45,(anonymous_2)
FN:46,(anonymous_3)
FN:55,collectKeywordsForApply
FN:58,(anonymous_5)
FN:62,(anonymous_6)
FN:67,FilterPanel
FN:70,(anonymous_8)
FN:73,(anonymous_9)
FN:77,(anonymous_10)
FN:80,(anonymous_11)
FN:99,(anonymous_12)
FN:106,(anonymous_13)
FN:127,(anonymous_14)
FN:134,(anonymous_15)
FN:141,(anonymous_16)
FN:143,(anonymous_17)
FN:149,(anonymous_18)
FN:151,(anonymous_19)
FN:156,(anonymous_20)
FN:165,(anonymous_21)
FN:167,(anonymous_22)
FN:171,(anonymous_23)
FN:176,(anonymous_24)
FN:178,(anonymous_25)
FN:178,(anonymous_26)
FN:179,(anonymous_27)
FN:187,(anonymous_28)
FN:189,(anonymous_29)
FN:194,(anonymous_30)
FN:203,(anonymous_31)
FN:205,(anonymous_32)
FN:209,(anonymous_33)
FN:214,(anonymous_34)
FN:216,(anonymous_35)
FN:216,(anonymous_36)
FN:217,(anonymous_37)
FN:226,(anonymous_38)
FN:229,(anonymous_39)
FN:232,(anonymous_40)
FN:235,(anonymous_41)
FN:247,(anonymous_42)
FN:287,(anonymous_43)
FN:298,(anonymous_44)
FN:317,(anonymous_45)
FN:318,(anonymous_46)
FN:325,(anonymous_47)
FN:330,(anonymous_48)
FN:339,(anonymous_49)
FN:359,(anonymous_50)
FN:370,(anonymous_51)
FN:389,(anonymous_52)
FN:390,(anonymous_53)
FN:397,(anonymous_54)
FN:402,(anonymous_55)
FN:411,(anonymous_56)
FN:430,(anonymous_57)
FN:434,(anonymous_58)
FN:456,(anonymous_59)
FN:460,(anonymous_60)
FN:482,(anonymous_61)
FN:489,(anonymous_62)
FN:503,(anonymous_63)
FN:507,(anonymous_64)
FN:511,(anonymous_65)
FN:525,(anonymous_66)
FN:529,(anonymous_67)
FN:529,(anonymous_68)
FN:541,(anonymous_69)
FN:548,(anonymous_70)
FN:562,(anonymous_71)
FN:569,(anonymous_72)
FN:583,(anonymous_73)
FN:590,(anonymous_74)
FN:604,(anonymous_75)
FN:612,(anonymous_76)
FN:620,(anonymous_77)
FN:621,(anonymous_78)
FN:622,(anonymous_79)
FN:636,(anonymous_80)
FN:643,(anonymous_81)
FN:658,(anonymous_82)
FNF:83
FNH:27
FNDA:36,buildSelectedSubTerms
FNDA:36,buildInScopeIds
FNDA:1204,(anonymous_2)
FNDA:136,(anonymous_3)
FNDA:20,collectKeywordsForApply
FNDA:5,(anonymous_5)
FNDA:0,(anonymous_6)
FNDA:29,FilterPanel
FNDA:12,(anonymous_8)
FNDA:12,(anonymous_9)
FNDA:12,(anonymous_10)
FNDA:12,(anonymous_11)
FNDA:12,(anonymous_12)
FNDA:12,(anonymous_13)
FNDA:11,(anonymous_14)
FNDA:11,(anonymous_15)
FNDA:0,(anonymous_16)
FNDA:0,(anonymous_17)
FNDA:0,(anonymous_18)
FNDA:0,(anonymous_19)
FNDA:0,(anonymous_20)
FNDA:0,(anonymous_21)
FNDA:0,(anonymous_22)
FNDA:0,(anonymous_23)
FNDA:0,(anonymous_24)
FNDA:0,(anonymous_25)
FNDA:0,(anonymous_26)
FNDA:0,(anonymous_27)
FNDA:0,(anonymous_28)
FNDA:0,(anonymous_29)
FNDA:0,(anonymous_30)
FNDA:0,(anonymous_31)
FNDA:0,(anonymous_32)
FNDA:0,(anonymous_33)
FNDA:0,(anonymous_34)
FNDA:0,(anonymous_35)
FNDA:0,(anonymous_36)
FNDA:0,(anonymous_37)
FNDA:0,(anonymous_38)
FNDA:10,(anonymous_39)
FNDA:10,(anonymous_40)
FNDA:10,(anonymous_41)
FNDA:0,(anonymous_42)
FNDA:348,(anonymous_43)
FNDA:0,(anonymous_44)
FNDA:0,(anonymous_45)
FNDA:0,(anonymous_46)
FNDA:0,(anonymous_47)
FNDA:0,(anonymous_48)
FNDA:0,(anonymous_49)
FNDA:290,(anonymous_50)
FNDA:0,(anonymous_51)
FNDA:0,(anonymous_52)
FNDA:0,(anonymous_53)
FNDA:0,(anonymous_54)
FNDA:0,(anonymous_55)
FNDA:0,(anonymous_56)
FNDA:261,(anonymous_57)
FNDA:0,(anonymous_58)
FNDA:261,(anonymous_59)
FNDA:0,(anonymous_60)
FNDA:435,(anonymous_61)
FNDA:0,(anonymous_62)
FNDA:0,(anonymous_63)
FNDA:0,(anonymous_64)
FNDA:0,(anonymous_65)
FNDA:0,(anonymous_66)
FNDA:0,(anonymous_67)
FNDA:0,(anonymous_68)
FNDA:203,(anonymous_69)
FNDA:0,(anonymous_70)
FNDA:87,(anonymous_71)
FNDA:0,(anonymous_72)
FNDA:87,(anonymous_73)
FNDA:0,(anonymous_74)
FNDA:493,(anonymous_75)
FNDA:0,(anonymous_76)
FNDA:0,(anonymous_77)
FNDA:0,(anonymous_78)
FNDA:0,(anonymous_79)
FNDA:0,(anonymous_80)
FNDA:0,(anonymous_81)
FNDA:0,(anonymous_82)
DA:15,1
DA:27,36
DA:28,12
DA:29,12
DA:30,136
DA:31,1204
DA:32,10
DA:33,10
DA:37,12
DA:42,36
DA:43,12
DA:44,12
DA:45,1204
DA:46,136
DA:48,12
DA:56,20
DA:57,20
DA:58,5
DA:59,5
DA:60,5
DA:61,5
DA:62,0
DA:64,20
DA:68,29
DA:69,29
DA:70,29
DA:71,12
DA:73,29
DA:74,12
DA:76,29
DA:77,29
DA:78,12
DA:80,29
DA:81,12
DA:83,29
DA:84,29
DA:85,29
DA:86,29
DA:87,29
DA:88,29
DA:89,29
DA:90,29
DA:91,29
DA:92,29
DA:94,29
DA:95,29
DA:96,29
DA:97,29
DA:99,29
DA:100,12
DA:101,11
DA:102,11
DA:106,29
DA:107,12
DA:108,6
DA:109,6
DA:110,6
DA:111,6
DA:112,6
DA:113,6
DA:114,6
DA:115,6
DA:116,6
DA:117,6
DA:118,6
DA:119,6
DA:120,6
DA:121,6
DA:122,6
DA:123,6
DA:127,29
DA:128,11
DA:129,11
DA:130,11
DA:131,0
DA:134,29
DA:135,11
DA:136,11
DA:137,11
DA:138,0
DA:141,29
DA:142,0
DA:143,0
DA:145,0
DA:149,29
DA:150,0
DA:151,0
DA:152,0
DA:153,0
DA:154,0
DA:155,0
DA:156,0
DA:157,0
DA:159,0
DA:161,0
DA:165,29
DA:166,0
DA:167,0
DA:168,0
DA:171,29
DA:172,0
DA:173,0
DA:176,29
DA:177,0
DA:178,0
DA:179,0
DA:180,0
DA:181,0
DA:182,0
DA:184,0
DA:187,29
DA:188,0
DA:189,0
DA:190,0
DA:191,0
DA:192,0
DA:193,0
DA:194,0
DA:195,0
DA:197,0
DA:199,0
DA:203,29
DA:204,0
DA:205,0
DA:206,0
DA:209,29
DA:210,0
DA:211,0
DA:214,29
DA:215,0
DA:216,0
DA:217,0
DA:218,0
DA:219,0
DA:220,0
DA:222,0
DA:225,29
DA:226,0
DA:229,29
DA:230,10
DA:232,29
DA:233,10
DA:235,29
DA:236,10
DA:237,10
DA:238,10
DA:244,10
DA:247,29
DA:248,0
DA:249,0
DA:250,0
DA:251,0
DA:252,0
DA:253,0
DA:254,0
DA:255,0
DA:256,0
DA:257,0
DA:258,0
DA:259,0
DA:260,0
DA:261,0
DA:262,0
DA:263,0
DA:264,0
DA:267,29
DA:268,29
DA:270,29
DA:288,348
DA:289,348
DA:290,348
DA:293,348
DA:294,348
DA:298,0
DA:318,0
DA:319,0
DA:320,0
DA:321,0
DA:325,0
DA:331,0
DA:332,0
DA:339,0
DA:360,290
DA:361,290
DA:362,290
DA:365,290
DA:366,290
DA:370,0
DA:390,0
DA:391,0
DA:392,0
DA:393,0
DA:397,0
DA:403,0
DA:404,0
DA:411,0
DA:431,261
DA:434,0
DA:457,261
DA:460,0
DA:483,435
DA:484,435
DA:485,435
DA:489,0
DA:503,0
DA:508,0
DA:512,0
DA:513,0
DA:514,0
DA:526,0
DA:529,0
DA:542,203
DA:543,203
DA:544,203
DA:548,0
DA:563,87
DA:564,87
DA:565,87
DA:569,0
DA:584,87
DA:585,87
DA:586,87
DA:590,0
DA:605,493
DA:612,0
DA:620,0
DA:621,0
DA:623,0
DA:637,0
DA:638,0
DA:639,0
DA:643,0
DA:658,0
DA:684,1
LF:234
LH:126
BRDA:27,0,0,24
BRDA:27,0,1,12
BRDA:27,1,0,36
BRDA:27,1,1,12
BRDA:30,2,0,136
BRDA:30,2,1,0
BRDA:31,3,0,10
BRDA:31,3,1,1194
BRDA:32,4,0,10
BRDA:32,4,1,10
BRDA:42,5,0,24
BRDA:42,5,1,12
BRDA:42,6,0,36
BRDA:42,6,1,12
BRDA:45,7,0,136
BRDA:45,7,1,0
BRDA:46,8,0,10
BRDA:46,8,1,126
BRDA:59,9,0,0
BRDA:59,9,1,5
BRDA:61,10,0,5
BRDA:61,10,1,0
BRDA:61,11,0,5
BRDA:61,11,1,5
BRDA:62,12,0,0
BRDA:62,12,1,0
BRDA:83,13,0,29
BRDA:83,13,1,29
BRDA:84,14,0,29
BRDA:84,14,1,29
BRDA:85,15,0,29
BRDA:85,15,1,26
BRDA:86,16,0,29
BRDA:86,16,1,29
BRDA:87,17,0,29
BRDA:87,17,1,29
BRDA:88,18,0,29
BRDA:88,18,1,29
BRDA:89,19,0,29
BRDA:89,19,1,29
BRDA:90,20,0,29
BRDA:90,20,1,29
BRDA:91,21,0,29
BRDA:91,21,1,29
BRDA:92,22,0,29
BRDA:92,22,1,29
BRDA:100,23,0,11
BRDA:100,23,1,1
BRDA:107,24,0,6
BRDA:107,24,1,6
BRDA:114,25,0,6
BRDA:114,25,1,6
BRDA:115,26,0,6
BRDA:115,26,1,6
BRDA:116,27,0,6
BRDA:116,27,1,5
BRDA:117,28,0,6
BRDA:117,28,1,6
BRDA:118,29,0,6
BRDA:118,29,1,6
BRDA:119,30,0,6
BRDA:119,30,1,6
BRDA:120,31,0,6
BRDA:120,31,1,6
BRDA:121,32,0,6
BRDA:121,32,1,6
BRDA:122,33,0,6
BRDA:122,33,1,6
BRDA:123,34,0,6
BRDA:123,34,1,6
BRDA:142,35,0,0
BRDA:142,35,1,0
BRDA:150,36,0,0
BRDA:150,36,1,0
BRDA:152,37,0,0
BRDA:152,37,1,0
BRDA:155,38,0,0
BRDA:155,38,1,0
BRDA:157,39,0,0
BRDA:157,39,1,0
BRDA:166,40,0,0
BRDA:166,40,1,0
BRDA:167,41,0,0
BRDA:167,41,1,0
BRDA:172,42,0,0
BRDA:172,42,1,0
BRDA:177,43,0,0
BRDA:177,43,1,0
BRDA:188,44,0,0
BRDA:188,44,1,0
BRDA:190,45,0,0
BRDA:190,45,1,0
BRDA:193,46,0,0
BRDA:193,46,1,0
BRDA:195,47,0,0
BRDA:195,47,1,0
BRDA:204,48,0,0
BRDA:204,48,1,0
BRDA:205,49,0,0
BRDA:205,49,1,0
BRDA:210,50,0,0
BRDA:210,50,1,0
BRDA:215,51,0,0
BRDA:215,51,1,0
BRDA:226,52,0,0
BRDA:226,52,1,0
BRDA:239,53,0,3
BRDA:239,53,1,7
BRDA:240,54,0,2
BRDA:240,54,1,8
BRDA:248,55,0,0
BRDA:248,55,1,0
BRDA:257,56,0,0
BRDA:257,56,1,0
BRDA:271,57,0,0
BRDA:271,57,1,29
BRDA:285,58,0,29
BRDA:285,58,1,0
BRDA:290,59,0,9
BRDA:290,59,1,339
BRDA:290,60,0,348
BRDA:290,60,1,9
BRDA:292,61,0,0
BRDA:292,61,1,339
BRDA:292,62,0,0
BRDA:292,62,1,0
BRDA:293,63,0,348
BRDA:293,63,1,0
BRDA:301,64,0,348
BRDA:301,64,1,9
BRDA:319,65,0,0
BRDA:319,65,1,0
BRDA:320,66,0,0
BRDA:320,66,1,0
BRDA:330,67,0,0
BRDA:330,67,1,0
BRDA:331,68,0,0
BRDA:331,68,1,0
BRDA:337,69,0,0
BRDA:337,69,1,0
BRDA:341,70,0,0
BRDA:341,70,1,0
BRDA:357,71,0,29
BRDA:357,71,1,0
BRDA:362,72,0,6
BRDA:362,72,1,284
BRDA:362,73,0,290
BRDA:362,73,1,6
BRDA:364,74,0,0
BRDA:364,74,1,284
BRDA:364,75,0,0
BRDA:364,75,1,0
BRDA:365,76,0,290
BRDA:365,76,1,0
BRDA:373,77,0,290
BRDA:373,77,1,6
BRDA:391,78,0,0
BRDA:391,78,1,0
BRDA:392,79,0,0
BRDA:392,79,1,0
BRDA:402,80,0,0
BRDA:402,80,1,0
BRDA:403,81,0,0
BRDA:403,81,1,0
BRDA:409,82,0,0
BRDA:409,82,1,0
BRDA:413,83,0,0
BRDA:413,83,1,0
BRDA:433,84,0,261
BRDA:433,84,1,261
BRDA:436,85,0,261
BRDA:436,85,1,261
BRDA:459,86,0,261
BRDA:459,86,1,261
BRDA:462,87,0,261
BRDA:462,87,1,261
BRDA:484,88,0,435
BRDA:484,88,1,0
BRDA:488,89,0,435
BRDA:488,89,1,0
BRDA:491,90,0,435
BRDA:491,90,1,0
BRDA:505,91,0,29
BRDA:505,91,1,0
BRDA:505,91,2,0
BRDA:523,92,0,29
BRDA:523,92,1,0
BRDA:547,93,0,203
BRDA:547,93,1,0
BRDA:550,94,0,203
BRDA:550,94,1,0
BRDA:564,95,0,87
BRDA:564,95,1,0
BRDA:568,96,0,87
BRDA:568,96,1,0
BRDA:571,97,0,87
BRDA:571,97,1,0
BRDA:585,98,0,87
BRDA:585,98,1,0
BRDA:589,99,0,87
BRDA:589,99,1,0
BRDA:592,100,0,87
BRDA:592,100,1,0
BRDA:610,101,0,493
BRDA:610,101,1,0
BRDA:618,102,0,29
BRDA:618,102,1,0
BRDA:642,103,0,0
BRDA:642,103,1,0
BRDA:645,104,0,0
BRDA:645,104,1,0
BRDA:661,105,0,29
BRDA:661,105,1,0
BRDA:662,106,0,29
BRDA:662,106,1,0
BRF:215
BRH:112
end_of_record
TN:
SF:src/components/InnovationCard.js
FN:16,InnovationCard
FN:36,(anonymous_1)
FN:71,(anonymous_2)
FN:82,(anonymous_3)
FN:144,(anonymous_4)
FNF:5
FNH:4
FNDA:25,InnovationCard
FNDA:2,(anonymous_1)
FNDA:1,(anonymous_2)
FNDA:1,(anonymous_3)
FNDA:0,(anonymous_4)
DA:27,25
DA:29,25
DA:30,25
DA:31,25
DA:32,25
DA:33,25
DA:34,25
DA:35,25
DA:36,25
DA:37,2
DA:40,25
DA:41,25
DA:45,25
DA:46,25
DA:50,25
DA:71,1
DA:82,1
DA:144,0
DA:167,1
LF:19
LH:18
BRDA:19,0,0,23
BRDA:22,1,0,24
BRDA:25,2,0,23
BRDA:29,3,0,25
BRDA:29,3,1,1
BRDA:30,4,0,25
BRDA:30,4,1,1
BRDA:34,5,0,25
BRDA:34,5,1,24
BRDA:35,6,0,25
BRDA:35,6,1,23
BRDA:37,7,0,1
BRDA:37,7,1,1
BRDA:37,8,0,2
BRDA:37,8,1,2
BRDA:40,9,0,22
BRDA:40,9,1,3
BRDA:40,10,0,1
BRDA:40,10,1,2
BRDA:41,11,0,24
BRDA:41,11,1,1
BRDA:45,12,0,22
BRDA:45,12,1,3
BRDA:46,13,0,24
BRDA:46,13,1,1
BRDA:55,14,0,25
BRDA:55,14,1,0
BRDA:62,15,0,25
BRDA:62,15,1,3
BRDA:62,15,2,2
BRDA:65,16,0,25
BRDA:65,16,1,24
BRDA:70,17,0,24
BRDA:70,17,1,1
BRDA:73,18,0,1
BRDA:73,18,1,23
BRDA:76,19,0,1
BRDA:76,19,1,23
BRDA:76,20,0,1
BRDA:76,20,1,23
BRDA:78,21,0,24
BRDA:78,21,1,2
BRDA:96,22,0,1
BRDA:96,22,1,23
BRDA:100,23,0,1
BRDA:100,23,1,23
BRDA:102,24,0,1
BRDA:102,24,1,23
BRDA:111,25,0,25
BRDA:111,25,1,1
BRDA:113,26,0,25
BRDA:113,26,1,1
BRDA:113,26,2,24
BRDA:116,27,0,24
BRDA:116,27,1,24
BRDA:121,28,0,24
BRDA:121,28,1,24
BRDA:141,29,0,25
BRDA:141,29,1,24
BRDA:141,29,2,0
BRDA:148,30,0,0
BRDA:148,30,1,0
BRDA:158,31,0,0
BRDA:158,31,1,0
BRF:64
BRH:58
end_of_record
TN:
SF:src/context/AccessibilityContext.js
FN:17,(anonymous_0)
FN:18,(anonymous_1)
FN:19,(anonymous_2)
FN:20,(anonymous_3)
FN:24,AccessibilityProvider
FN:32,(anonymous_5)
FN:49,(anonymous_6)
FN:53,(anonymous_7)
FN:60,(anonymous_8)
FN:67,(anonymous_9)
FN:75,(anonymous_10)
FNF:11
FNH:0
FNDA:0,(anonymous_0)
FNDA:0,(anonymous_1)
FNDA:0,(anonymous_2)
FNDA:0,(anonymous_3)
FNDA:0,AccessibilityProvider
FNDA:0,(anonymous_5)
FNDA:0,(anonymous_6)
FNDA:0,(anonymous_7)
FNDA:0,(anonymous_8)
FNDA:0,(anonymous_9)
FNDA:0,(anonymous_10)
DA:4,1
DA:10,1
DA:12,1
DA:20,0
DA:25,0
DA:26,0
DA:27,0
DA:28,0
DA:30,0
DA:32,0
DA:33,0
DA:34,0
DA:39,0
DA:40,0
DA:41,0
DA:45,0
DA:49,0
DA:50,0
DA:53,0
DA:54,0
DA:55,0
DA:56,0
DA:60,0
DA:61,0
DA:62,0
DA:63,0
DA:67,0
DA:68,0
DA:69,0
DA:70,0
DA:74,0
DA:75,0
DA:79,0
DA:91,0
LF:34
LH:3
BRDA:30,0,0,0
BRDA:30,0,1,0
BRDA:40,1,0,0
BRDA:40,1,1,0
BRDA:56,2,0,0
BRDA:56,2,1,0
BRDA:70,3,0,0
BRDA:70,3,1,0
BRF:8
BRH:0
end_of_record
TN:
SF:src/context/DownloadCompleteContext.js
FN:9,(anonymous_0)
FN:10,(anonymous_1)
FN:11,(anonymous_2)
FN:28,useDownloadIndicator
FN:40,(anonymous_4)
FN:44,(anonymous_5)
FN:57,DownloadCompleteProvider
FN:64,(anonymous_7)
FN:68,(anonymous_8)
FN:73,(anonymous_9)
FN:78,(anonymous_10)
FN:80,(anonymous_11)
FN:81,(anonymous_12)
FNF:13
FNH:3
FNDA:0,(anonymous_0)
FNDA:0,(anonymous_1)
FNDA:0,(anonymous_2)
FNDA:25,useDownloadIndicator
FNDA:25,(anonymous_4)
FNDA:25,(anonymous_5)
FNDA:0,DownloadCompleteProvider
FNDA:0,(anonymous_7)
FNDA:0,(anonymous_8)
FNDA:0,(anonymous_9)
FNDA:0,(anonymous_10)
FNDA:0,(anonymous_11)
FNDA:0,(anonymous_12)
DA:4,1
DA:14,1
DA:30,25
DA:32,25
DA:33,25
DA:34,25
DA:35,25
DA:36,25
DA:38,25
DA:40,25
DA:41,25
DA:44,25
DA:45,25
DA:46,1
DA:47,1
DA:54,25
DA:58,0
DA:59,0
DA:60,0
DA:62,0
DA:64,0
DA:65,0
DA:68,0
DA:69,0
DA:70,0
DA:73,0
DA:74,0
DA:75,0
DA:78,0
DA:79,0
DA:80,0
DA:81,0
DA:84,0
LF:33
LH:16
BRDA:33,0,0,25
BRDA:33,0,1,24
BRDA:34,1,0,25
BRDA:34,1,1,24
BRDA:35,2,0,25
BRDA:35,2,1,24
BRDA:36,3,0,25
BRDA:36,3,1,24
BRDA:36,3,2,23
BRDA:41,4,0,1
BRDA:41,4,1,24
BRDA:45,5,0,24
BRDA:45,5,1,1
BRDA:70,6,0,0
BRDA:70,6,1,0
BRDA:75,7,0,0
BRDA:75,7,1,0
BRDA:79,8,0,0
BRDA:79,8,1,0
BRF:19
BRH:13
end_of_record
TN:
SF:src/data/constants.js
FN:423,toSearchText
FN:438,normalizeSignals
FN:454,deriveCost
FN:481,(anonymous_3)
FN:493,getCountriesForRegion
FN:494,(anonymous_5)
FN:497,deriveComplexity
FNF:7
FNH:7
FNDA:103,toSearchText
FNDA:103,normalizeSignals
FNDA:54,deriveCost
FNDA:7,(anonymous_3)
FNDA:18,getCountriesForRegion
FNDA:3600,(anonymous_5)
FNDA:49,deriveComplexity
DA:9,7
DA:189,7
DA:347,7
DA:356,7
DA:366,7
DA:378,7
DA:390,7
DA:410,7
DA:416,7
DA:424,103
DA:425,103
DA:426,103
DA:427,103
DA:439,103
DA:440,103
DA:455,54
DA:456,54
DA:464,54
DA:465,54
DA:467,54
DA:468,54
DA:470,54
DA:471,47
DA:472,28
DA:481,7
DA:482,7
DA:483,7
DA:484,1400
DA:486,7
DA:494,3600
DA:498,49
DA:499,49
DA:507,49
DA:508,49
DA:510,49
DA:511,49
DA:513,49
DA:514,34
DA:515,23
LF:39
LH:39
BRDA:424,0,0,103
BRDA:424,0,1,0
BRDA:425,1,0,103
BRDA:425,1,1,0
BRDA:425,2,0,103
BRDA:425,2,1,0
BRDA:439,3,0,103
BRDA:439,3,1,6
BRDA:441,4,0,103
BRDA:441,4,1,94
BRDA:442,5,0,103
BRDA:442,5,1,95
BRDA:443,6,0,103
BRDA:443,6,1,95
BRDA:444,7,0,103
BRDA:444,7,1,39
BRDA:445,8,0,103
BRDA:445,8,1,95
BRDA:467,9,0,54
BRDA:467,9,1,35
BRDA:470,10,0,7
BRDA:470,10,1,47
BRDA:470,11,0,54
BRDA:470,11,1,12
BRDA:471,12,0,19
BRDA:471,12,1,28
BRDA:471,13,0,47
BRDA:471,13,1,24
BRDA:513,14,0,15
BRDA:513,14,1,34
BRDA:513,15,0,49
BRDA:513,15,1,22
BRDA:514,16,0,11
BRDA:514,16,1,23
BRDA:514,17,0,34
BRDA:514,17,1,18
BRF:36
BRH:33
end_of_record
TN:
SF:src/data/innovationHubRegions.js
FNF:0
FNH:0
DA:6,7
LF:1
LH:1
BRF:0
BRH:0
end_of_record
TN:
SF:src/database/filterQuery.js
FN:23,buildFilterQuery
FN:31,(anonymous_1)
FN:33,(anonymous_2)
FN:36,(anonymous_3)
FN:37,(anonymous_4)
FN:42,(anonymous_5)
FN:44,(anonymous_6)
FN:51,(anonymous_7)
FN:53,(anonymous_8)
FN:56,(anonymous_9)
FN:57,(anonymous_10)
FN:62,(anonymous_11)
FN:64,(anonymous_12)
FN:79,(anonymous_13)
FN:81,(anonymous_14)
FN:88,(anonymous_15)
FN:95,(anonymous_16)
FN:97,(anonymous_17)
FN:102,(anonymous_18)
FN:104,(anonymous_19)
FN:109,(anonymous_20)
FN:110,(anonymous_21)
FN:115,(anonymous_22)
FN:117,(anonymous_23)
FN:126,(anonymous_24)
FN:128,(anonymous_25)
FNF:26
FNH:26
FNDA:47,buildFilterQuery
FNDA:8,(anonymous_1)
FNDA:8,(anonymous_2)
FNDA:3,(anonymous_3)
FNDA:14,(anonymous_4)
FNDA:6,(anonymous_5)
FNDA:6,(anonymous_6)
FNDA:6,(anonymous_7)
FNDA:6,(anonymous_8)
FNDA:2,(anonymous_9)
FNDA:11,(anonymous_10)
FNDA:4,(anonymous_11)
FNDA:4,(anonymous_12)
FNDA:2,(anonymous_13)
FNDA:2,(anonymous_14)
FNDA:30,(anonymous_15)
FNDA:7,(anonymous_16)
FNDA:7,(anonymous_17)
FNDA:6,(anonymous_18)
FNDA:6,(anonymous_19)
FNDA:4,(anonymous_20)
FNDA:10,(anonymous_21)
FNDA:12,(anonymous_22)
FNDA:12,(anonymous_23)
FNDA:4,(anonymous_24)
FNDA:4,(anonymous_25)
DA:24,47
DA:25,47
DA:26,47
DA:29,47
DA:30,6
DA:31,8
DA:32,6
DA:33,8
DA:34,41
DA:35,3
DA:36,3
DA:37,14
DA:38,3
DA:40,3
DA:41,2
DA:42,6
DA:43,2
DA:44,6
DA:49,47
DA:50,6
DA:51,6
DA:52,6
DA:53,6
DA:54,41
DA:55,2
DA:56,2
DA:57,11
DA:58,2
DA:60,2
DA:61,1
DA:62,4
DA:63,1
DA:64,4
DA:68,47
DA:69,4
DA:70,4
DA:73,47
DA:74,3
DA:75,3
DA:78,47
DA:79,2
DA:80,2
DA:81,2
DA:85,47
DA:86,47
DA:87,2
DA:88,30
DA:89,2
DA:91,2
DA:93,47
DA:94,4
DA:95,7
DA:96,4
DA:97,7
DA:100,47
DA:101,3
DA:102,6
DA:103,3
DA:104,6
DA:107,47
DA:108,4
DA:109,4
DA:110,10
DA:111,4
DA:113,4
DA:114,3
DA:115,12
DA:116,3
DA:117,12
DA:121,47
DA:122,3
DA:125,47
DA:126,4
DA:127,3
DA:128,4
DA:131,47
LF:76
LH:76
BRDA:29,0,0,6
BRDA:29,0,1,41
BRDA:29,1,0,47
BRDA:29,1,1,7
BRDA:34,2,0,3
BRDA:34,2,1,38
BRDA:34,3,0,41
BRDA:34,3,1,3
BRDA:38,4,0,2
BRDA:38,4,1,1
BRDA:40,5,0,2
BRDA:40,5,1,1
BRDA:49,6,0,6
BRDA:49,6,1,41
BRDA:49,7,0,47
BRDA:49,7,1,7
BRDA:54,8,0,2
BRDA:54,8,1,39
BRDA:54,9,0,41
BRDA:54,9,1,2
BRDA:58,10,0,1
BRDA:58,10,1,1
BRDA:60,11,0,1
BRDA:60,11,1,1
BRDA:68,12,0,4
BRDA:68,12,1,43
BRDA:68,13,0,47
BRDA:68,13,1,5
BRDA:73,14,0,3
BRDA:73,14,1,44
BRDA:73,15,0,47
BRDA:73,15,1,4
BRDA:78,16,0,2
BRDA:78,16,1,45
BRDA:78,17,0,47
BRDA:78,17,1,3
BRDA:85,18,0,47
BRDA:85,18,1,42
BRDA:86,19,0,2
BRDA:86,19,1,45
BRDA:86,20,0,47
BRDA:86,20,1,3
BRDA:89,21,0,0
BRDA:89,21,1,2
BRDA:93,22,0,4
BRDA:93,22,1,43
BRDA:100,23,0,3
BRDA:100,23,1,44
BRDA:100,24,0,47
BRDA:100,24,1,4
BRDA:107,25,0,4
BRDA:107,25,1,43
BRDA:107,26,0,47
BRDA:107,26,1,5
BRDA:111,27,0,3
BRDA:111,27,1,1
BRDA:113,28,0,3
BRDA:113,28,1,1
BRDA:121,29,0,3
BRDA:121,29,1,44
BRDA:125,30,0,3
BRDA:125,30,1,44
BRDA:125,31,0,47
BRDA:125,31,1,4
BRF:64
BRH:63
end_of_record
TN:
SF:src/database/likeClause.js
FN:17,escapeLikePattern
FN:29,buildKeywordLikeClause
FN:30,(anonymous_2)
FN:35,(anonymous_3)
FN:36,(anonymous_4)
FNF:5
FNH:5
FNDA:17,escapeLikePattern
FNDA:8,buildKeywordLikeClause
FNDA:12,(anonymous_2)
FNDA:10,(anonymous_3)
FNDA:10,(anonymous_4)
DA:14,1
DA:18,17
DA:30,12
DA:31,8
DA:32,2
DA:34,6
DA:35,10
DA:36,10
LF:8
LH:8
BRDA:18,0,0,17
BRDA:18,0,1,2
BRDA:30,1,0,7
BRDA:30,1,1,1
BRDA:30,2,0,12
BRDA:30,2,1,11
BRDA:31,3,0,2
BRDA:31,3,1,6
BRF:8
BRH:8
end_of_record
TN:
SF:src/database/paginate.js
FN:19,hasCostOrComplexityFilters
FN:28,filterByCostAndComplexity
FN:31,(anonymous_2)
FN:35,(anonymous_3)
FN:55,collectFilteredPage
FN:97,countFiltered
FNF:6
FNH:6
FNDA:7,hasCostOrComplexityFilters
FNDA:6,filterByCostAndComplexity
FNDA:16,(anonymous_2)
FNDA:6,(anonymous_3)
FNDA:20,collectFilteredPage
FNDA:6,countFiltered
DA:20,7
DA:21,5
DA:29,6
DA:30,6
DA:31,16
DA:33,6
DA:34,2
DA:35,6
DA:38,6
DA:41,1
DA:62,20
DA:64,19
DA:65,19
DA:66,19
DA:68,19
DA:69,109
DA:70,109
DA:71,105
DA:73,105
DA:76,105
DA:79,19
DA:103,6
DA:104,6
DA:105,6
DA:107,6
DA:108,38
DA:109,2
DA:110,2
DA:112,36
DA:113,36
DA:114,36
DA:115,32
DA:117,32
DA:119,32
DA:122,6
LF:35
LH:35
BRDA:20,0,0,2
BRDA:20,0,1,5
BRDA:22,1,0,5
BRDA:22,1,1,2
BRDA:22,1,2,4
BRDA:22,1,3,2
BRDA:30,2,0,4
BRDA:30,2,1,2
BRDA:31,3,0,16
BRDA:31,3,1,12
BRDA:33,4,0,2
BRDA:33,4,1,4
BRDA:35,5,0,6
BRDA:35,5,1,5
BRDA:58,6,0,0
BRDA:59,7,0,0
BRDA:60,8,0,2
BRDA:62,9,0,1
BRDA:62,9,1,19
BRDA:70,10,0,4
BRDA:70,10,1,105
BRDA:70,11,0,109
BRDA:70,11,1,109
BRDA:76,12,0,0
BRDA:76,12,1,105
BRDA:100,13,0,1
BRDA:101,14,0,4
BRDA:108,15,0,2
BRDA:108,15,1,36
BRDA:114,16,0,4
BRDA:114,16,1,32
BRDA:114,17,0,36
BRDA:114,17,1,36
BRDA:119,18,0,0
BRDA:119,18,1,32
BRF:35
BRH:31
end_of_record
TN:
SF:src/storage/localState.js
FN:27,readArray
FN:51,writeArray
FN:61,removeKey
FN:72,(anonymous_3)
FN:73,(anonymous_4)
FN:74,(anonymous_5)
FN:77,(anonymous_6)
FN:78,(anonymous_7)
FN:79,(anonymous_8)
FN:86,readLikedIds
FN:91,writeLikedIds
FN:96,toggleLikedId
FNF:12
FNH:12
FNDA:25,readArray
FNDA:19,writeArray
FNDA:2,removeKey
FNDA:7,(anonymous_3)
FNDA:6,(anonymous_4)
FNDA:1,(anonymous_5)
FNDA:7,(anonymous_6)
FNDA:3,(anonymous_7)
FNDA:1,(anonymous_8)
FNDA:11,readLikedIds
FNDA:10,writeLikedIds
FNDA:4,toggleLikedId
DA:17,1
DA:29,25
DA:30,25
DA:32,1
DA:33,1
DA:35,24
DA:36,17
DA:37,17
DA:40,16
DA:42,1
DA:43,1
DA:52,19
DA:53,19
DA:54,17
DA:56,2
DA:57,2
DA:62,2
DA:63,2
DA:64,2
DA:66,0
DA:67,0
DA:72,7
DA:73,6
DA:74,1
DA:77,7
DA:78,3
DA:79,1
DA:87,11
DA:92,10
DA:97,4
DA:98,4
DA:99,4
DA:100,2
DA:101,4
LF:34
LH:32
BRDA:35,0,0,7
BRDA:35,0,1,17
BRDA:40,1,0,13
BRDA:40,1,1,3
BRDA:92,2,0,10
BRDA:92,2,1,1
BRDA:99,3,0,2
BRDA:99,3,1,2
BRF:8
BRH:8
end_of_record
TN:
SF:src/utils/activeFilterTags.js
FN:30,toColorBlindSafe
FN:53,getActiveFilterTags
FN:56,(anonymous_2)
FN:59,(anonymous_3)
FN:62,(anonymous_4)
FN:69,(anonymous_5)
FN:73,(anonymous_6)
FN:74,(anonymous_7)
FN:77,(anonymous_8)
FN:80,(anonymous_9)
FN:87,(anonymous_10)
FN:91,(anonymous_11)
FN:92,(anonymous_12)
FN:105,(anonymous_13)
FN:106,(anonymous_14)
FN:109,(anonymous_15)
FN:110,(anonymous_16)
FN:113,(anonymous_17)
FN:116,(anonymous_18)
FN:117,(anonymous_19)
FN:120,(anonymous_20)
FN:121,(anonymous_21)
FN:124,(anonymous_22)
FN:125,(anonymous_23)
FN:128,(anonymous_24)
FN:129,(anonymous_25)
FN:132,(anonymous_26)
FN:170,getFiltersAfterRemove
FN:175,(anonymous_28)
FNF:29
FNH:25
FNDA:3,toColorBlindSafe
FNDA:28,getActiveFilterTags
FNDA:23,(anonymous_2)
FNDA:4,(anonymous_3)
FNDA:208,(anonymous_4)
FNDA:2,(anonymous_5)
FNDA:2,(anonymous_6)
FNDA:13,(anonymous_7)
FNDA:1,(anonymous_8)
FNDA:1,(anonymous_9)
FNDA:1,(anonymous_10)
FNDA:2,(anonymous_11)
FNDA:11,(anonymous_12)
FNDA:5,(anonymous_13)
FNDA:10,(anonymous_14)
FNDA:1,(anonymous_15)
FNDA:1,(anonymous_16)
FNDA:2,(anonymous_17)
FNDA:3,(anonymous_18)
FNDA:9,(anonymous_19)
FNDA:0,(anonymous_20)
FNDA:0,(anonymous_21)
FNDA:0,(anonymous_22)
FNDA:0,(anonymous_23)
FNDA:2,(anonymous_24)
FNDA:18,(anonymous_25)
FNDA:1,(anonymous_26)
FNDA:11,getFiltersAfterRemove
FNDA:8,(anonymous_28)
DA:12,2
DA:13,2
DA:14,2
DA:15,2
DA:16,2
DA:17,2
DA:18,2
DA:19,2
DA:20,2
DA:21,2
DA:24,2
DA:31,3
DA:32,3
DA:33,3
DA:36,2
DA:54,28
DA:55,25
DA:56,25
DA:57,25
DA:59,25
DA:60,4
DA:61,4
DA:62,208
DA:63,26
DA:64,2
DA:65,2
DA:66,2
DA:69,4
DA:70,2
DA:73,25
DA:74,13
DA:75,2
DA:77,25
DA:78,1
DA:79,1
DA:80,1
DA:81,1
DA:82,1
DA:83,1
DA:84,1
DA:87,1
DA:88,0
DA:91,25
DA:92,11
DA:93,2
DA:96,25
DA:99,1
DA:101,25
DA:102,1
DA:105,25
DA:106,10
DA:107,5
DA:109,25
DA:110,1
DA:111,1
DA:113,25
DA:114,2
DA:116,25
DA:117,9
DA:118,3
DA:120,25
DA:121,0
DA:122,0
DA:124,25
DA:125,0
DA:126,0
DA:128,25
DA:129,18
DA:130,2
DA:132,25
DA:133,1
DA:135,25
DA:136,5
DA:139,25
DA:146,2
DA:153,2
DA:171,11
DA:172,11
DA:174,11
DA:175,8
DA:176,5
DA:177,4
DA:180,11
LF:83
LH:78
BRDA:31,0,0,0
BRDA:31,0,1,3
BRDA:32,1,0,3
BRDA:32,1,1,0
BRDA:33,2,0,3
BRDA:33,2,1,1
BRDA:53,3,0,25
BRDA:54,4,0,3
BRDA:54,4,1,25
BRDA:54,5,0,28
BRDA:54,5,1,26
BRDA:56,6,0,3
BRDA:56,6,1,20
BRDA:59,7,0,25
BRDA:59,7,1,21
BRDA:63,8,0,2
BRDA:63,8,1,24
BRDA:65,9,0,2
BRDA:65,9,1,0
BRDA:69,10,0,2
BRDA:69,10,1,2
BRDA:73,11,0,25
BRDA:73,11,1,23
BRDA:75,12,0,0
BRDA:75,12,1,2
BRDA:75,13,0,2
BRDA:75,13,1,1
BRDA:75,14,0,1
BRDA:75,14,1,0
BRDA:75,15,0,0
BRDA:75,15,1,0
BRDA:77,16,0,25
BRDA:77,16,1,24
BRDA:81,17,0,1
BRDA:81,17,1,0
BRDA:83,18,0,1
BRDA:83,18,1,0
BRDA:87,19,0,0
BRDA:87,19,1,1
BRDA:91,20,0,25
BRDA:91,20,1,23
BRDA:93,21,0,0
BRDA:93,21,1,2
BRDA:93,22,0,2
BRDA:93,22,1,1
BRDA:93,23,0,1
BRDA:93,23,1,0
BRDA:93,24,0,0
BRDA:93,24,1,0
BRDA:96,25,0,1
BRDA:96,25,1,24
BRDA:101,26,0,1
BRDA:101,26,1,24
BRDA:105,27,0,25
BRDA:105,27,1,19
BRDA:107,28,0,4
BRDA:107,28,1,1
BRDA:109,29,0,25
BRDA:109,29,1,24
BRDA:111,30,0,1
BRDA:111,30,1,0
BRDA:113,31,0,25
BRDA:113,31,1,22
BRDA:116,32,0,25
BRDA:116,32,1,22
BRDA:118,33,0,2
BRDA:118,33,1,1
BRDA:120,34,0,25
BRDA:120,34,1,25
BRDA:122,35,0,0
BRDA:122,35,1,0
BRDA:122,36,0,0
BRDA:122,36,1,0
BRDA:124,37,0,25
BRDA:124,37,1,25
BRDA:126,38,0,0
BRDA:126,38,1,0
BRDA:126,39,0,0
BRDA:126,39,1,0
BRDA:128,40,0,25
BRDA:128,40,1,23
BRDA:130,41,0,1
BRDA:130,41,1,1
BRDA:132,42,0,25
BRDA:132,42,1,24
BRDA:135,43,0,5
BRDA:135,43,1,20
BRDA:174,44,0,6
BRDA:174,44,1,5
BRDA:175,45,0,6
BRDA:175,45,1,1
BRDA:176,46,0,4
BRDA:176,46,1,1
BRF:93
BRH:70
end_of_record
TN:
SF:src/utils/innovationDocument.js
FN:13,sanitizeFilename
FN:21,buildTextContent
FN:23,(anonymous_2)
FN:26,(anonymous_3)
FN:88,(anonymous_4)
FN:96,(anonymous_5)
FN:124,(anonymous_6)
FN:125,(anonymous_7)
FNF:8
FNH:8
FNDA:8,sanitizeFilename
FNDA:25,buildTextContent
FNDA:135,(anonymous_2)
FNDA:120,(anonymous_3)
FNDA:30,(anonymous_4)
FNDA:15,(anonymous_5)
FNDA:16,(anonymous_6)
FNDA:32,(anonymous_7)
DA:14,8
DA:23,135
DA:26,120
DA:30,25
DA:36,25
DA:41,25
DA:44,25
DA:48,25
DA:50,25
DA:52,25
DA:53,15
DA:54,15
DA:55,15
DA:56,15
DA:58,25
DA:59,16
DA:61,25
DA:63,25
DA:64,25
DA:69,25
DA:71,25
DA:72,25
DA:78,25
DA:79,25
DA:86,25
DA:87,15
DA:88,15
DA:89,30
DA:91,15
DA:94,25
DA:95,15
DA:96,15
DA:97,15
DA:99,15
DA:102,25
DA:103,25
DA:107,25
DA:108,12
DA:112,25
DA:114,25
DA:115,25
DA:122,25
DA:123,16
DA:124,16
DA:125,32
DA:126,16
DA:127,15
DA:130,16
DA:133,25
DA:134,16
DA:135,16
DA:138,25
LF:52
LH:52
BRDA:14,0,0,8
BRDA:14,0,1,3
BRDA:23,1,0,25
BRDA:23,1,1,10
BRDA:26,2,0,25
BRDA:26,2,1,10
BRDA:30,3,0,12
BRDA:30,3,1,13
BRDA:32,4,0,2
BRDA:32,4,1,11
BRDA:36,5,0,15
BRDA:36,5,1,10
BRDA:41,6,0,15
BRDA:41,6,1,10
BRDA:41,7,0,25
BRDA:41,7,1,15
BRDA:44,8,0,25
BRDA:44,8,1,15
BRDA:44,8,2,10
BRDA:44,8,3,9
BRDA:50,9,0,25
BRDA:50,9,1,1
BRDA:52,10,0,15
BRDA:52,10,1,10
BRDA:52,11,0,25
BRDA:52,11,1,10
BRDA:54,12,0,15
BRDA:54,12,1,0
BRDA:55,13,0,14
BRDA:55,13,1,1
BRDA:58,14,0,16
BRDA:58,14,1,9
BRDA:65,15,0,25
BRDA:65,15,1,10
BRDA:65,15,2,9
BRDA:73,16,0,25
BRDA:73,16,1,10
BRDA:74,17,0,25
BRDA:74,17,1,10
BRDA:86,18,0,15
BRDA:86,18,1,10
BRDA:86,19,0,25
BRDA:86,19,1,15
BRDA:94,20,0,15
BRDA:94,20,1,10
BRDA:94,21,0,25
BRDA:94,21,1,15
BRDA:107,22,0,12
BRDA:107,22,1,13
BRDA:116,23,0,25
BRDA:116,23,1,10
BRDA:117,24,0,25
BRDA:117,24,1,10
BRDA:117,24,2,10
BRDA:122,25,0,16
BRDA:122,25,1,9
BRDA:122,26,0,25
BRDA:122,26,1,16
BRDA:126,27,0,15
BRDA:126,27,1,1
BRDA:133,28,0,16
BRDA:133,28,1,9
BRF:62
BRH:61
end_of_record
