TN:
SF:__tests__/setup/svgMock.js
FN:9,(anonymous_0)
FNF:1
FNH:1
FNDA:66,(anonymous_0)
DA:6,2
DA:7,2
DA:9,2
DA:10,66
DA:12,2
DA:14,2
DA:15,2
DA:16,2
LF:8
LH:8
BRDA:10,0,0,66
BRDA:10,0,1,66
BRF:2
BRH:2
end_of_record
TN:
SF:backend/deriveCostComplexity.js
FNF:0
FNH:0
DA:9,1
LF:1
LH:1
BRF:0
BRH:0
end_of_record
TN:
SF:shared/deriveCostComplexity.js
FN:22,toSearchText
FN:41,normalizeSignals
FN:69,deriveCost
FN:87,deriveComplexity
FNF:4
FNH:4
FNDA:197,toSearchText
FNDA:197,normalizeSignals
FNDA:101,deriveCost
FNDA:96,deriveComplexity
DA:23,197
DA:24,197
DA:25,197
DA:28,197
DA:42,197
DA:43,197
DA:53,13
DA:54,13
DA:56,13
DA:57,13
DA:70,101
DA:71,101
DA:73,101
DA:74,101
DA:76,101
DA:77,87
DA:78,52
DA:88,96
DA:89,96
DA:91,96
DA:92,96
DA:94,96
DA:95,66
DA:96,44
DA:99,13
LF:25
LH:25
BRDA:23,0,0,197
BRDA:23,0,1,0
BRDA:24,1,0,197
BRDA:24,1,1,0
BRDA:24,2,0,197
BRDA:24,2,1,0
BRDA:42,3,0,197
BRDA:42,3,1,10
BRDA:44,4,0,197
BRDA:44,4,1,174
BRDA:45,5,0,197
BRDA:45,5,1,175
BRDA:46,6,0,197
BRDA:46,6,1,175
BRDA:47,7,0,197
BRDA:47,7,1,73
BRDA:48,8,0,197
BRDA:48,8,1,181
BRDA:73,9,0,101
BRDA:73,9,1,66
BRDA:76,10,0,14
BRDA:76,10,1,87
BRDA:76,11,0,101
BRDA:76,11,1,23
BRDA:77,12,0,35
BRDA:77,12,1,52
BRDA:77,13,0,87
BRDA:77,13,1,44
BRDA:94,14,0,30
BRDA:94,14,1,66
BRDA:94,15,0,96
BRDA:94,15,1,43
BRDA:95,16,0,22
BRDA:95,16,1,44
BRDA:95,17,0,66
BRDA:95,17,1,35
BRF:36
BRH:33
end_of_record
TN:
SF:src/components/AppText.js
FN:24,AppText
FNF:1
FNH:1
FNDA:4413,AppText
DA:6,6
DA:25,4413
DA:26,4413
DA:28,4163
DA:29,4163
DA:30,4163
DA:34,4163
DA:35,160
DA:38,4163
LF:9
LH:9
BRDA:26,0,0,250
BRDA:26,0,1,4163
BRDA:28,1,0,4163
BRDA:28,1,1,1
BRDA:29,2,0,4163
BRDA:29,2,1,2
BRDA:34,3,0,160
BRDA:34,3,1,4003
BRF:8
BRH:8
end_of_record
TN:
SF:src/components/BouncingLoader.js
FN:11,BouncingLoader
FN:13,(anonymous_1)
FN:22,(anonymous_2)
FNF:3
FNH:2
FNDA:7,BouncingLoader
FNDA:7,(anonymous_1)
FNDA:0,(anonymous_2)
DA:12,7
DA:13,7
DA:14,7
DA:15,0
DA:21,0
DA:22,0
DA:24,7
DA:25,7
LF:8
LH:5
BRDA:11,0,0,0
BRDA:11,1,0,0
BRDA:11,2,0,0
BRDA:14,3,0,7
BRDA:14,3,1,0
BRF:5
BRH:1
end_of_record
TN:
SF:src/components/CommentsModal.js
FN:23,CommentsModal
FN:33,(anonymous_1)
FN:37,(anonymous_2)
FN:48,(anonymous_3)
FN:58,(anonymous_4)
FN:89,(anonymous_5)
FN:152,(anonymous_6)
FNF:7
FNH:2
FNDA:94,CommentsModal
FNDA:27,(anonymous_1)
FNDA:0,(anonymous_2)
FNDA:0,(anonymous_3)
FNDA:0,(anonymous_4)
FNDA:0,(anonymous_5)
FNDA:0,(anonymous_6)
DA:21,2
DA:24,94
DA:25,94
DA:26,94
DA:27,94
DA:28,94
DA:29,94
DA:30,94
DA:31,94
DA:33,94
DA:34,27
DA:35,0
DA:36,0
DA:37,0
DA:38,0
DA:39,0
DA:40,0
DA:42,0
DA:43,0
DA:45,0
DA:48,0
DA:49,0
DA:58,94
DA:59,0
DA:60,0
DA:61,0
DA:62,0
DA:63,0
DA:64,0
DA:65,0
DA:66,0
DA:67,0
DA:71,0
DA:72,0
DA:74,0
DA:75,0
DA:76,0
DA:77,0
DA:78,0
DA:79,0
DA:82,0
DA:83,0
DA:85,0
DA:89,94
DA:90,0
DA:106,94
DA:108,0
DA:152,0
DA:200,2
LF:49
LH:15
BRDA:34,0,0,27
BRDA:34,0,1,0
BRDA:34,1,0,27
BRDA:34,1,1,0
BRDA:40,2,0,0
BRDA:40,2,1,0
BRDA:43,3,0,0
BRDA:43,3,1,0
BRDA:45,4,0,0
BRDA:45,4,1,0
BRDA:59,5,0,0
BRDA:59,5,1,0
BRDA:62,6,0,0
BRDA:62,6,1,0
BRDA:62,7,0,0
BRDA:62,7,1,0
BRDA:67,8,0,0
BRDA:67,8,1,0
BRDA:78,9,0,0
BRDA:78,9,1,0
BRDA:93,10,0,0
BRDA:93,10,1,0
BRDA:106,11,0,94
BRDA:106,11,1,0
BRDA:106,12,0,94
BRDA:106,12,1,0
BRDA:112,13,0,0
BRDA:112,13,1,0
BRDA:118,14,0,0
BRDA:118,14,1,0
BRDA:138,15,0,0
BRDA:138,15,1,0
BRDA:142,16,0,0
BRDA:142,16,1,0
BRDA:178,17,0,0
BRDA:178,17,1,0
BRDA:184,18,0,0
BRDA:184,18,1,0
BRDA:184,18,2,0
BRDA:184,18,3,0
BRDA:187,19,0,0
BRDA:187,19,1,0
BRDA:187,19,2,0
BRDA:190,20,0,0
BRDA:190,20,1,0
BRF:45
BRH:4
end_of_record
TN:
SF:src/components/DetailDrawer.js
FN:23,DetailDrawer
FN:50,(anonymous_1)
FN:61,(anonymous_2)
FN:71,(anonymous_3)
FN:95,(anonymous_4)
FN:104,(anonymous_5)
FN:105,(anonymous_6)
FN:120,(anonymous_7)
FN:121,(anonymous_8)
FN:126,(anonymous_9)
FN:127,(anonymous_10)
FN:144,(anonymous_11)
FN:149,(anonymous_12)
FN:157,(anonymous_13)
FN:227,(anonymous_14)
FN:326,(anonymous_15)
FN:337,(anonymous_16)
FN:368,(anonymous_17)
FN:369,(anonymous_18)
FN:375,(anonymous_19)
FNF:20
FNH:3
FNDA:94,DetailDrawer
FNDA:27,(anonymous_1)
FNDA:27,(anonymous_2)
FNDA:0,(anonymous_3)
FNDA:0,(anonymous_4)
FNDA:0,(anonymous_5)
FNDA:0,(anonymous_6)
FNDA:0,(anonymous_7)
FNDA:0,(anonymous_8)
FNDA:0,(anonymous_9)
FNDA:0,(anonymous_10)
FNDA:0,(anonymous_11)
FNDA:0,(anonymous_12)
FNDA:0,(anonymous_13)
FNDA:0,(anonymous_14)
FNDA:0,(anonymous_15)
FNDA:0,(anonymous_16)
FNDA:0,(anonymous_17)
FNDA:0,(anonymous_18)
FNDA:0,(anonymous_19)
DA:18,2
DA:21,2
DA:39,94
DA:42,94
DA:43,94
DA:44,94
DA:45,94
DA:46,94
DA:47,94
DA:48,94
DA:50,94
DA:51,27
DA:52,0
DA:61,94
DA:62,27
DA:63,0
DA:64,0
DA:66,0
DA:67,0
DA:68,0
DA:70,0
DA:71,0
DA:72,0
DA:73,0
DA:75,0
DA:76,0
DA:77,0
DA:79,0
DA:80,0
DA:81,0
DA:82,0
DA:83,0
DA:84,0
DA:85,0
DA:90,0
DA:92,0
DA:95,0
DA:102,94
DA:104,0
DA:105,0
DA:108,0
DA:109,0
DA:111,0
DA:112,0
DA:116,0
DA:117,0
DA:118,0
DA:120,0
DA:121,0
DA:122,0
DA:123,0
DA:126,0
DA:127,0
DA:129,0
DA:144,0
DA:149,0
DA:157,0
DA:228,0
DA:327,0
DA:338,0
DA:369,0
DA:370,0
DA:371,0
DA:375,0
DA:401,2
LF:65
LH:16
BRDA:33,0,0,0
BRDA:35,1,0,0
BRDA:36,2,0,0
BRDA:37,3,0,94
BRDA:51,4,0,0
BRDA:51,4,1,27
BRDA:51,5,0,27
BRDA:51,5,1,0
BRDA:62,6,0,27
BRDA:62,6,1,0
BRDA:62,7,0,27
BRDA:62,7,1,0
BRDA:68,8,0,0
BRDA:68,8,1,0
BRDA:73,9,0,0
BRDA:73,9,1,0
BRDA:75,10,0,0
BRDA:75,10,1,0
BRDA:75,11,0,0
BRDA:75,11,1,0
BRDA:82,12,0,0
BRDA:82,12,1,0
BRDA:83,13,0,0
BRDA:83,13,1,0
BRDA:85,14,0,0
BRDA:85,14,1,0
BRDA:92,15,0,0
BRDA:92,15,1,0
BRDA:102,16,0,94
BRDA:102,16,1,0
BRDA:102,17,0,94
BRDA:102,17,1,0
BRDA:104,18,0,0
BRDA:104,18,1,0
BRDA:105,19,0,0
BRDA:105,19,1,0
BRDA:108,20,0,0
BRDA:108,20,1,0
BRDA:109,21,0,0
BRDA:109,21,1,0
BRDA:111,22,0,0
BRDA:111,22,1,0
BRDA:112,23,0,0
BRDA:112,23,1,0
BRDA:113,24,0,0
BRDA:113,24,1,0
BRDA:118,25,0,0
BRDA:118,25,1,0
BRDA:122,26,0,0
BRDA:122,26,1,0
BRDA:122,27,0,0
BRDA:122,27,1,0
BRDA:126,28,0,0
BRDA:126,28,1,0
BRDA:127,29,0,0
BRDA:127,29,1,0
BRDA:130,30,0,0
BRDA:130,30,1,0
BRDA:134,31,0,0
BRDA:134,31,1,0
BRDA:137,32,0,0
BRDA:137,32,1,0
BRDA:143,33,0,0
BRDA:143,33,1,0
BRDA:144,34,0,0
BRDA:144,34,1,0
BRDA:145,35,0,0
BRDA:145,35,1,0
BRDA:145,36,0,0
BRDA:145,36,1,0
BRDA:148,37,0,0
BRDA:148,37,1,0
BRDA:156,38,0,0
BRDA:156,38,1,0
BRDA:156,38,2,0
BRDA:159,39,0,0
BRDA:159,39,1,0
BRDA:169,40,0,0
BRDA:169,40,1,0
BRDA:173,41,0,0
BRDA:173,41,1,0
BRDA:177,42,0,0
BRDA:177,42,1,0
BRDA:179,43,0,0
BRDA:179,43,1,0
BRDA:187,44,0,0
BRDA:187,44,1,0
BRDA:194,45,0,0
BRDA:194,45,1,0
BRDA:195,46,0,0
BRDA:195,46,1,0
BRDA:206,47,0,0
BRDA:206,47,1,0
BRDA:221,48,0,0
BRDA:221,48,1,0
BRDA:225,49,0,0
BRDA:225,49,1,0
BRDA:225,50,0,0
BRDA:225,50,1,0
BRDA:236,51,0,0
BRDA:236,51,1,0
BRDA:258,52,0,0
BRDA:258,52,1,0
BRDA:259,53,0,0
BRDA:259,53,1,0
BRDA:268,54,0,0
BRDA:268,54,1,0
BRDA:270,55,0,0
BRDA:270,55,1,0
BRDA:288,56,0,0
BRDA:288,56,1,0
BRDA:288,56,2,0
BRDA:322,57,0,0
BRDA:322,57,1,0
BRDA:334,58,0,0
BRDA:334,58,1,0
BRDA:354,59,0,0
BRDA:354,59,1,0
BRDA:362,60,0,0
BRDA:362,60,1,0
BRDA:362,60,2,0
BRDA:364,61,0,0
BRDA:364,61,1,0
BRDA:370,62,0,0
BRDA:370,62,1,0
BRDA:374,63,0,0
BRDA:374,63,1,0
BRDA:382,64,0,0
BRDA:382,64,1,0
BRF:129
BRH:7
end_of_record
TN:
SF:src/components/FilterPanel.js
FN:33,FilterPanel
FN:39,(anonymous_1)
FN:42,(anonymous_2)
FN:46,(anonymous_3)
FN:49,(anonymous_4)
FN:68,(anonymous_5)
FN:75,(anonymous_6)
FN:96,(anonymous_7)
FN:103,(anonymous_8)
FN:110,(anonymous_9)
FN:112,(anonymous_10)
FN:118,(anonymous_11)
FN:120,(anonymous_12)
FN:125,(anonymous_13)
FN:134,(anonymous_14)
FN:136,(anonymous_15)
FN:140,(anonymous_16)
FN:145,(anonymous_17)
FN:147,(anonymous_18)
FN:147,(anonymous_19)
FN:148,(anonymous_20)
FN:156,(anonymous_21)
FN:158,(anonymous_22)
FN:163,(anonymous_23)
FN:172,(anonymous_24)
FN:174,(anonymous_25)
FN:178,(anonymous_26)
FN:183,(anonymous_27)
FN:185,(anonymous_28)
FN:185,(anonymous_29)
FN:186,(anonymous_30)
FN:195,(anonymous_31)
FN:198,(anonymous_32)
FN:201,(anonymous_33)
FN:204,(anonymous_34)
FN:216,(anonymous_35)
FN:296,(anonymous_36)
FN:297,(anonymous_37)
FN:299,(anonymous_38)
FN:301,(anonymous_39)
FN:308,(anonymous_40)
FN:312,(anonymous_41)
FN:316,(anonymous_42)
FN:330,(anonymous_43)
FN:334,(anonymous_44)
FN:334,(anonymous_45)
FN:346,(anonymous_46)
FN:347,(anonymous_47)
FN:349,(anonymous_48)
FN:356,(anonymous_49)
FN:357,(anonymous_50)
FN:359,(anonymous_51)
FN:360,(anonymous_52)
FN:366,(anonymous_53)
FN:367,(anonymous_54)
FN:369,(anonymous_55)
FN:370,(anonymous_56)
FN:376,(anonymous_57)
FN:384,(anonymous_58)
FN:392,(anonymous_59)
FN:393,(anonymous_60)
FN:394,(anonymous_61)
FN:408,(anonymous_62)
FN:415,(anonymous_63)
FN:430,(anonymous_64)
FNF:65
FNH:24
FNDA:33,FilterPanel
FNDA:14,(anonymous_1)
FNDA:14,(anonymous_2)
FNDA:14,(anonymous_3)
FNDA:14,(anonymous_4)
FNDA:14,(anonymous_5)
FNDA:14,(anonymous_6)
FNDA:11,(anonymous_7)
FNDA:11,(anonymous_8)
FNDA:0,(anonymous_9)
FNDA:0,(anonymous_10)
FNDA:0,(anonymous_11)
FNDA:0,(anonymous_12)
FNDA:0,(anonymous_13)
FNDA:0,(anonymous_14)
FNDA:0,(anonymous_15)
FNDA:0,(anonymous_16)
FNDA:0,(anonymous_17)
FNDA:0,(anonymous_18)
FNDA:0,(anonymous_19)
FNDA:0,(anonymous_20)
FNDA:0,(anonymous_21)
FNDA:0,(anonymous_22)
FNDA:0,(anonymous_23)
FNDA:0,(anonymous_24)
FNDA:0,(anonymous_25)
FNDA:0,(anonymous_26)
FNDA:0,(anonymous_27)
FNDA:0,(anonymous_28)
FNDA:0,(anonymous_29)
FNDA:0,(anonymous_30)
FNDA:0,(anonymous_31)
FNDA:10,(anonymous_32)
FNDA:10,(anonymous_33)
FNDA:10,(anonymous_34)
FNDA:0,(anonymous_35)
FNDA:420,(anonymous_36)
FNDA:420,(anonymous_37)
FNDA:0,(anonymous_38)
FNDA:420,(anonymous_39)
FNDA:0,(anonymous_40)
FNDA:0,(anonymous_41)
FNDA:0,(anonymous_42)
FNDA:0,(anonymous_43)
FNDA:0,(anonymous_44)
FNDA:0,(anonymous_45)
FNDA:196,(anonymous_46)
FNDA:196,(anonymous_47)
FNDA:0,(anonymous_48)
FNDA:84,(anonymous_49)
FNDA:84,(anonymous_50)
FNDA:0,(anonymous_51)
FNDA:84,(anonymous_52)
FNDA:84,(anonymous_53)
FNDA:84,(anonymous_54)
FNDA:0,(anonymous_55)
FNDA:84,(anonymous_56)
FNDA:561,(anonymous_57)
FNDA:0,(anonymous_58)
FNDA:0,(anonymous_59)
FNDA:0,(anonymous_60)
FNDA:0,(anonymous_61)
FNDA:0,(anonymous_62)
FNDA:0,(anonymous_63)
FNDA:0,(anonymous_64)
DA:23,2
DA:36,33
DA:37,33
DA:38,33
DA:39,33
DA:40,14
DA:42,33
DA:43,14
DA:45,33
DA:46,33
DA:47,14
DA:49,33
DA:50,14
DA:52,33
DA:53,33
DA:54,33
DA:55,33
DA:56,33
DA:57,33
DA:58,33
DA:59,33
DA:60,33
DA:61,33
DA:63,33
DA:64,33
DA:65,33
DA:66,33
DA:68,33
DA:69,14
DA:70,11
DA:71,11
DA:75,33
DA:76,14
DA:77,8
DA:78,8
DA:79,8
DA:80,8
DA:81,8
DA:82,8
DA:83,8
DA:84,8
DA:85,8
DA:86,8
DA:87,8
DA:88,8
DA:89,8
DA:90,8
DA:91,8
DA:92,8
DA:96,33
DA:97,11
DA:98,11
DA:99,11
DA:100,0
DA:103,33
DA:104,11
DA:105,11
DA:106,11
DA:107,0
DA:110,33
DA:111,0
DA:112,0
DA:114,0
DA:118,33
DA:119,0
DA:120,0
DA:121,0
DA:122,0
DA:123,0
DA:124,0
DA:125,0
DA:126,0
DA:128,0
DA:130,0
DA:134,33
DA:135,0
DA:136,0
DA:137,0
DA:140,33
DA:141,0
DA:142,0
DA:145,33
DA:146,0
DA:147,0
DA:148,0
DA:149,0
DA:150,0
DA:151,0
DA:153,0
DA:156,33
DA:157,0
DA:158,0
DA:159,0
DA:160,0
DA:161,0
DA:162,0
DA:163,0
DA:164,0
DA:166,0
DA:168,0
DA:172,33
DA:173,0
DA:174,0
DA:175,0
DA:178,33
DA:179,0
DA:180,0
DA:183,33
DA:184,0
DA:185,0
DA:186,0
DA:187,0
DA:188,0
DA:189,0
DA:191,0
DA:194,33
DA:195,0
DA:198,33
DA:199,10
DA:201,33
DA:202,10
DA:204,33
DA:205,10
DA:206,10
DA:207,10
DA:213,10
DA:216,33
DA:217,0
DA:218,0
DA:219,0
DA:220,0
DA:221,0
DA:222,0
DA:223,0
DA:224,0
DA:225,0
DA:226,0
DA:227,0
DA:228,0
DA:229,0
DA:230,0
DA:231,0
DA:232,0
DA:233,0
DA:237,33
DA:296,420
DA:297,420
DA:299,0
DA:301,420
DA:308,0
DA:313,0
DA:317,0
DA:318,0
DA:319,0
DA:331,0
DA:334,0
DA:346,196
DA:347,196
DA:349,0
DA:356,84
DA:357,84
DA:359,0
DA:360,84
DA:366,84
DA:367,84
DA:369,0
DA:370,84
DA:377,561
DA:384,0
DA:392,0
DA:393,0
DA:395,0
DA:409,0
DA:410,0
DA:411,0
DA:415,0
DA:430,0
DA:456,2
LF:178
LH:91
BRDA:52,0,0,33
BRDA:52,0,1,33
BRDA:53,1,0,33
BRDA:53,1,1,33
BRDA:54,2,0,33
BRDA:54,2,1,30
BRDA:55,3,0,33
BRDA:55,3,1,33
BRDA:56,4,0,33
BRDA:56,4,1,33
BRDA:57,5,0,33
BRDA:57,5,1,33
BRDA:58,6,0,33
BRDA:58,6,1,33
BRDA:59,7,0,33
BRDA:59,7,1,33
BRDA:60,8,0,33
BRDA:60,8,1,33
BRDA:61,9,0,33
BRDA:61,9,1,33
BRDA:69,10,0,11
BRDA:69,10,1,3
BRDA:76,11,0,8
BRDA:76,11,1,6
BRDA:83,12,0,8
BRDA:83,12,1,8
BRDA:84,13,0,8
BRDA:84,13,1,8
BRDA:85,14,0,8
BRDA:85,14,1,7
BRDA:86,15,0,8
BRDA:86,15,1,8
BRDA:87,16,0,8
BRDA:87,16,1,8
BRDA:88,17,0,8
BRDA:88,17,1,8
BRDA:89,18,0,8
BRDA:89,18,1,8
BRDA:90,19,0,8
BRDA:90,19,1,8
BRDA:91,20,0,8
BRDA:91,20,1,8
BRDA:92,21,0,8
BRDA:92,21,1,8
BRDA:111,22,0,0
BRDA:111,22,1,0
BRDA:119,23,0,0
BRDA:119,23,1,0
BRDA:121,24,0,0
BRDA:121,24,1,0
BRDA:124,25,0,0
BRDA:124,25,1,0
BRDA:126,26,0,0
BRDA:126,26,1,0
BRDA:135,27,0,0
BRDA:135,27,1,0
BRDA:136,28,0,0
BRDA:136,28,1,0
BRDA:141,29,0,0
BRDA:141,29,1,0
BRDA:146,30,0,0
BRDA:146,30,1,0
BRDA:157,31,0,0
BRDA:157,31,1,0
BRDA:159,32,0,0
BRDA:159,32,1,0
BRDA:162,33,0,0
BRDA:162,33,1,0
BRDA:164,34,0,0
BRDA:164,34,1,0
BRDA:173,35,0,0
BRDA:173,35,1,0
BRDA:174,36,0,0
BRDA:174,36,1,0
BRDA:179,37,0,0
BRDA:179,37,1,0
BRDA:184,38,0,0
BRDA:184,38,1,0
BRDA:195,39,0,0
BRDA:195,39,1,0
BRDA:208,40,0,3
BRDA:208,40,1,7
BRDA:209,41,0,2
BRDA:209,41,1,8
BRDA:217,42,0,0
BRDA:217,42,1,0
BRDA:226,43,0,0
BRDA:226,43,1,0
BRDA:238,44,0,4
BRDA:238,44,1,29
BRDA:301,45,0,420
BRDA:301,45,1,0
BRDA:310,46,0,33
BRDA:310,46,1,0
BRDA:310,46,2,0
BRDA:328,47,0,33
BRDA:328,47,1,0
BRDA:360,48,0,84
BRDA:360,48,1,0
BRDA:370,49,0,84
BRDA:370,49,1,0
BRDA:382,50,0,561
BRDA:382,50,1,0
BRDA:390,51,0,33
BRDA:390,51,1,0
BRDA:414,52,0,0
BRDA:414,52,1,0
BRDA:417,53,0,0
BRDA:417,53,1,0
BRDA:433,54,0,33
BRDA:433,54,1,0
BRDA:434,55,0,33
BRDA:434,55,1,0
BRF:113
BRH:59
end_of_record
TN:
SF:src/components/HelpEmptyState.js
FN:28,HelpEmptyState
FN:64,(anonymous_1)
FN:77,(anonymous_2)
FN:87,(anonymous_3)
FNF:4
FNH:4
FNDA:14,HelpEmptyState
FNDA:12,(anonymous_1)
FNDA:1,(anonymous_2)
FNDA:1,(anonymous_3)
DA:9,2
DA:37,14
DA:65,12
DA:66,12
DA:77,1
DA:87,1
DA:109,2
LF:7
LH:7
BRDA:53,0,0,3
BRDA:53,0,1,11
BRDA:86,1,0,12
BRDA:86,1,1,1
BRDA:91,2,0,1
BRDA:91,2,1,11
BRDA:94,3,0,1
BRDA:94,3,1,11
BRDA:96,4,0,1
BRDA:96,4,1,11
BRF:10
BRH:10
end_of_record
TN:
SF:src/components/InnovationCard.js
FN:17,InnovationCard
FN:37,(anonymous_1)
FN:72,(anonymous_2)
FN:83,(anonymous_3)
FN:145,(anonymous_4)
FNF:5
FNH:4
FNDA:34,InnovationCard
FNDA:2,(anonymous_1)
FNDA:1,(anonymous_2)
FNDA:1,(anonymous_3)
FNDA:0,(anonymous_4)
DA:28,34
DA:30,34
DA:31,34
DA:32,34
DA:33,34
DA:34,34
DA:35,34
DA:36,34
DA:37,34
DA:38,2
DA:41,34
DA:42,34
DA:46,34
DA:47,34
DA:51,34
DA:72,1
DA:83,1
DA:145,0
DA:168,2
LF:19
LH:18
BRDA:20,0,0,23
BRDA:23,1,0,33
BRDA:26,2,0,23
BRDA:30,3,0,34
BRDA:30,3,1,1
BRDA:31,4,0,34
BRDA:31,4,1,1
BRDA:35,5,0,34
BRDA:35,5,1,24
BRDA:36,6,0,34
BRDA:36,6,1,23
BRDA:38,7,0,1
BRDA:38,7,1,1
BRDA:38,8,0,2
BRDA:38,8,1,2
BRDA:41,9,0,22
BRDA:41,9,1,12
BRDA:41,10,0,1
BRDA:41,10,1,11
BRDA:42,11,0,24
BRDA:42,11,1,10
BRDA:46,12,0,22
BRDA:46,12,1,12
BRDA:47,13,0,33
BRDA:47,13,1,1
BRDA:56,14,0,34
BRDA:56,14,1,0
BRDA:63,15,0,34
BRDA:63,15,1,12
BRDA:63,15,2,11
BRDA:66,16,0,34
BRDA:66,16,1,33
BRDA:71,17,0,33
BRDA:71,17,1,1
BRDA:74,18,0,1
BRDA:74,18,1,32
BRDA:77,19,0,1
BRDA:77,19,1,32
BRDA:77,20,0,1
BRDA:77,20,1,32
BRDA:79,21,0,33
BRDA:79,21,1,11
BRDA:97,22,0,1
BRDA:97,22,1,32
BRDA:101,23,0,1
BRDA:101,23,1,32
BRDA:103,24,0,1
BRDA:103,24,1,32
BRDA:112,25,0,34
BRDA:112,25,1,1
BRDA:114,26,0,34
BRDA:114,26,1,10
BRDA:114,26,2,24
BRDA:117,27,0,24
BRDA:117,27,1,24
BRDA:122,28,0,24
BRDA:122,28,1,24
BRDA:142,29,0,34
BRDA:142,29,1,33
BRDA:142,29,2,9
BRDA:149,30,0,9
BRDA:149,30,1,0
BRDA:159,31,0,0
BRDA:159,31,1,9
BRF:64
BRH:61
end_of_record
TN:
SF:src/components/ModePills.js
FN:18,ModePills
FN:23,(anonymous_1)
FN:31,(anonymous_2)
FNF:3
FNH:3
FNDA:71,ModePills
FNDA:1,(anonymous_1)
FNDA:9,(anonymous_2)
DA:19,71
DA:23,1
DA:31,9
DA:41,2
LF:4
LH:4
BRDA:22,0,0,71
BRDA:22,0,1,61
BRDA:27,1,0,71
BRDA:27,1,1,61
BRDA:30,2,0,71
BRDA:30,2,1,10
BRDA:35,3,0,71
BRDA:35,3,1,10
BRF:8
BRH:8
end_of_record
TN:
SF:src/components/OpportunityHeatmap.js
FN:37,getCellColor
FN:54,HeatmapGrid
FN:75,(anonymous_2)
FN:96,(anonymous_3)
FN:97,(anonymous_4)
FN:112,(anonymous_5)
FN:114,(anonymous_6)
FN:134,(anonymous_7)
FN:163,OpportunityHeatmap
FN:176,(anonymous_9)
FN:176,(anonymous_10)
FN:196,(anonymous_11)
FNF:12
FNH:1
FNDA:0,getCellColor
FNDA:0,HeatmapGrid
FNDA:0,(anonymous_2)
FNDA:0,(anonymous_3)
FNDA:0,(anonymous_4)
FNDA:0,(anonymous_5)
FNDA:0,(anonymous_6)
FNDA:0,(anonymous_7)
FNDA:68,OpportunityHeatmap
FNDA:0,(anonymous_9)
FNDA:0,(anonymous_10)
FNDA:0,(anonymous_11)
DA:15,1
DA:16,1
DA:17,1
DA:19,1
DA:38,0
DA:39,0
DA:40,0
DA:41,0
DA:42,0
DA:43,0
DA:55,0
DA:56,0
DA:63,0
DA:65,0
DA:66,0
DA:68,0
DA:76,0
DA:97,0
DA:98,0
DA:113,0
DA:115,0
DA:121,0
DA:122,0
DA:134,0
DA:164,68
DA:167,68
DA:169,68
DA:176,0
DA:196,0
DA:215,1
LF:30
LH:8
BRDA:38,0,0,0
BRDA:38,0,1,0
BRDA:39,1,0,0
BRDA:39,1,1,0
BRDA:40,2,0,0
BRDA:40,2,1,0
BRDA:41,3,0,0
BRDA:41,3,1,0
BRDA:42,4,0,0
BRDA:42,4,1,0
BRDA:55,5,0,0
BRDA:55,5,1,0
BRDA:63,6,0,0
BRDA:63,6,1,0
BRDA:63,7,0,0
BRDA:63,7,1,0
BRDA:81,8,0,0
BRDA:81,8,1,0
BRDA:106,9,0,0
BRDA:106,9,1,0
BRDA:106,10,0,0
BRDA:106,10,1,0
BRDA:115,11,0,0
BRDA:115,11,1,0
BRDA:134,12,0,0
BRDA:134,12,1,0
BRDA:194,13,0,68
BRDA:194,13,1,0
BRF:28
BRH:1
end_of_record
TN:
SF:src/components/ReadyToUseHeatmap.js
FN:25,readinessToColor
FN:40,interpolateColor
FN:53,ReadyToUseHeatmap
FN:62,(anonymous_3)
FN:65,(anonymous_4)
FN:71,(anonymous_5)
FN:71,(anonymous_6)
FN:87,(anonymous_7)
FN:99,(anonymous_8)
FN:99,(anonymous_9)
FN:109,(anonymous_10)
FN:145,(anonymous_11)
FN:149,(anonymous_12)
FN:167,(anonymous_13)
FN:171,(anonymous_14)
FN:178,(anonymous_15)
FN:180,(anonymous_16)
FN:184,(anonymous_17)
FN:185,(anonymous_18)
FN:194,(anonymous_19)
FN:195,(anonymous_20)
FN:207,(anonymous_21)
FNF:22
FNH:3
FNDA:0,readinessToColor
FNDA:0,interpolateColor
FNDA:68,ReadyToUseHeatmap
FNDA:0,(anonymous_3)
FNDA:0,(anonymous_4)
FNDA:19,(anonymous_5)
FNDA:19,(anonymous_6)
FNDA:0,(anonymous_7)
FNDA:0,(anonymous_8)
FNDA:0,(anonymous_9)
FNDA:0,(anonymous_10)
FNDA:0,(anonymous_11)
FNDA:0,(anonymous_12)
FNDA:0,(anonymous_13)
FNDA:0,(anonymous_14)
FNDA:0,(anonymous_15)
FNDA:0,(anonymous_16)
FNDA:0,(anonymous_17)
FNDA:0,(anonymous_18)
FNDA:0,(anonymous_19)
FNDA:0,(anonymous_20)
FNDA:0,(anonymous_21)
DA:15,1
DA:16,1
DA:17,1
DA:26,0
DA:27,0
DA:28,0
DA:29,0
DA:30,0
DA:31,0
DA:32,0
DA:33,0
DA:34,0
DA:37,0
DA:41,0
DA:42,0
DA:43,0
DA:44,0
DA:45,0
DA:46,0
DA:47,0
DA:48,0
DA:49,0
DA:50,0
DA:54,68
DA:55,68
DA:56,68
DA:57,68
DA:58,68
DA:59,68
DA:60,68
DA:62,68
DA:63,0
DA:64,0
DA:65,0
DA:66,0
DA:67,0
DA:71,68
DA:72,19
DA:76,68
DA:78,68
DA:80,0
DA:81,0
DA:82,0
DA:83,0
DA:84,0
DA:85,0
DA:87,0
DA:88,0
DA:89,0
DA:90,0
DA:93,0
DA:99,0
DA:109,0
DA:146,0
DA:149,0
DA:168,0
DA:171,0
DA:179,0
DA:181,0
DA:182,0
DA:183,0
DA:184,0
DA:185,0
DA:186,0
DA:187,0
DA:194,0
DA:195,0
DA:207,0
DA:218,1
LF:69
LH:16
BRDA:26,0,0,0
BRDA:26,0,1,0
BRDA:26,1,0,0
BRDA:26,1,1,0
BRDA:27,2,0,0
BRDA:27,2,1,0
BRDA:32,3,0,0
BRDA:32,3,1,0
BRDA:32,4,0,0
BRDA:32,4,1,0
BRDA:62,5,0,0
BRDA:63,6,0,0
BRDA:63,6,1,0
BRDA:72,7,0,0
BRDA:72,7,1,19
BRDA:78,8,0,68
BRDA:78,8,1,0
BRDA:84,9,0,0
BRDA:84,9,1,0
BRDA:85,10,0,0
BRDA:85,10,1,0
BRDA:90,11,0,0
BRDA:90,11,1,0
BRDA:107,12,0,0
BRDA:107,12,1,0
BRDA:126,13,0,0
BRDA:126,13,1,0
BRDA:131,14,0,0
BRDA:131,14,1,0
BRDA:135,15,0,0
BRDA:135,15,1,0
BRDA:135,16,0,0
BRDA:135,16,1,0
BRDA:152,17,0,0
BRDA:152,17,1,0
BRDA:174,18,0,0
BRDA:174,18,1,0
BRDA:182,19,0,0
BRDA:182,19,1,0
BRDA:186,20,0,0
BRDA:186,20,1,0
BRDA:186,21,0,0
BRDA:186,21,1,0
BRDA:194,22,0,0
BRDA:194,22,1,0
BRDA:208,23,0,0
BRDA:208,23,1,0
BRF:47
BRH:2
end_of_record
TN:
SF:src/components/ResultsList.js
FN:20,ResultsList
FN:32,(anonymous_1)
FN:35,(anonymous_2)
FNF:3
FNH:3
FNDA:18,ResultsList
FNDA:27,(anonymous_1)
FNDA:18,(anonymous_2)
DA:29,18
DA:32,27
DA:35,18
DA:52,2
LF:4
LH:4
BRDA:34,0,0,8
BRDA:34,0,1,10
BRDA:38,1,0,1
BRDA:38,1,1,17
BRF:4
BRH:4
end_of_record
TN:
SF:src/components/SavedList.js
FN:29,SavedList
FN:59,(anonymous_1)
FN:61,(anonymous_2)
FN:78,RowIconButton
FNF:4
FNH:4
FNDA:42,SavedList
FNDA:58,(anonymous_1)
FNDA:50,(anonymous_2)
FNDA:150,RowIconButton
DA:9,1
DA:32,42
DA:34,42
DA:35,16
DA:42,26
DA:59,58
DA:62,50
DA:79,150
DA:94,1
LF:9
LH:9
BRDA:34,0,0,16
BRDA:34,0,1,26
BRDA:48,1,0,2
BRDA:48,1,1,24
BRDA:81,2,0,150
BRDA:81,2,1,11
BRF:6
BRH:6
end_of_record
TN:
SF:src/components/comparison/ComparisonRow.js
FN:17,ComparisonRow
FN:37,Cell
FN:48,(anonymous_2)
FN:48,(anonymous_3)
FNF:4
FNH:4
FNDA:12,ComparisonRow
FNDA:27,Cell
FNDA:3,(anonymous_2)
FNDA:3,(anonymous_3)
DA:6,1
DA:18,12
DA:38,27
DA:39,27
DA:40,27
DA:41,27
DA:42,27
DA:43,27
DA:45,27
DA:48,3
DA:67,1
LF:11
LH:11
BRDA:39,0,0,27
BRDA:39,0,1,9
BRDA:40,1,0,27
BRDA:40,1,1,14
BRDA:41,2,0,27
BRDA:41,2,1,7
BRDA:41,2,2,7
BRDA:42,3,0,27
BRDA:42,3,1,14
BRDA:42,3,2,7
BRDA:43,4,0,2
BRDA:43,4,1,25
BRDA:43,5,0,27
BRDA:43,5,1,2
BRDA:48,6,0,8
BRDA:48,6,1,19
BRDA:49,7,0,8
BRDA:49,7,1,19
BRDA:51,8,0,8
BRDA:51,8,1,19
BRDA:52,9,0,8
BRDA:52,9,1,19
BRDA:56,10,0,2
BRDA:56,10,1,25
BRDA:57,11,0,2
BRDA:57,11,1,25
BRDA:61,12,0,27
BRDA:61,12,1,8
BRDA:61,13,0,2
BRDA:61,13,1,6
BRF:30
BRH:30
end_of_record
TN:
SF:src/components/comparison/ComparisonView.js
FN:12,(anonymous_0)
FN:14,(anonymous_1)
FN:17,(anonymous_2)
FN:20,(anonymous_3)
FN:22,(anonymous_4)
FN:24,(anonymous_5)
FN:35,ComparisonView
FN:38,(anonymous_7)
FN:39,(anonymous_8)
FN:40,(anonymous_9)
FN:41,(anonymous_10)
FN:147,useComparisonSummary
FN:153,(anonymous_12)
FN:160,(anonymous_13)
FN:165,(anonymous_14)
FN:169,(anonymous_15)
FN:173,(anonymous_16)
FN:176,(anonymous_17)
FN:176,(anonymous_18)
FN:179,SummaryBody
FN:200,(anonymous_20)
FN:210,CollapsibleSection
FN:216,(anonymous_22)
FN:216,(anonymous_23)
FN:229,Section
FN:241,TitleCell
FN:255,BarRow
FN:268,Bar
FN:279,SdgColumn
FN:283,(anonymous_29)
FNF:30
FNH:19
FNDA:8,(anonymous_0)
FNDA:4,(anonymous_1)
FNDA:0,(anonymous_2)
FNDA:0,(anonymous_3)
FNDA:0,(anonymous_4)
FNDA:0,(anonymous_5)
FNDA:2,ComparisonView
FNDA:10,(anonymous_7)
FNDA:10,(anonymous_8)
FNDA:6,(anonymous_9)
FNDA:6,(anonymous_10)
FNDA:2,useComparisonSummary
FNDA:1,(anonymous_12)
FNDA:1,(anonymous_13)
FNDA:0,(anonymous_14)
FNDA:1,(anonymous_15)
FNDA:1,(anonymous_16)
FNDA:0,(anonymous_17)
FNDA:0,(anonymous_18)
FNDA:2,SummaryBody
FNDA:1,(anonymous_20)
FNDA:1,CollapsibleSection
FNDA:0,(anonymous_22)
FNDA:0,(anonymous_23)
FNDA:8,Section
FNDA:4,TitleCell
FNDA:4,BarRow
FNDA:8,Bar
FNDA:0,SdgColumn
FNDA:0,(anonymous_29)
DA:11,1
DA:12,8
DA:14,4
DA:17,1
DA:18,0
DA:20,1
DA:21,0
DA:22,0
DA:24,0
DA:36,2
DA:38,10
DA:39,10
DA:40,6
DA:41,6
DA:43,2
DA:148,2
DA:149,2
DA:150,2
DA:151,2
DA:153,2
DA:154,1
DA:155,1
DA:156,1
DA:157,1
DA:159,1
DA:161,1
DA:162,1
DA:163,1
DA:166,0
DA:167,0
DA:170,1
DA:173,1
DA:176,2
DA:180,2
DA:181,1
DA:188,1
DA:189,0
DA:198,1
DA:200,1
DA:201,1
DA:211,1
DA:212,1
DA:216,0
DA:230,8
DA:242,4
DA:256,4
DA:269,8
DA:280,0
DA:281,0
DA:284,0
DA:293,1
LF:51
LH:40
BRDA:12,0,0,8
BRDA:12,0,1,0
BRDA:14,1,0,0
BRDA:14,1,1,4
BRDA:14,2,0,4
BRDA:14,2,1,4
BRDA:17,3,0,0
BRDA:18,4,0,0
BRDA:18,4,1,0
BRDA:18,5,0,0
BRDA:18,5,1,0
BRDA:21,6,0,0
BRDA:21,6,1,0
BRDA:24,7,0,0
BRDA:24,7,1,0
BRDA:38,8,0,2
BRDA:38,8,1,0
BRDA:39,9,0,2
BRDA:39,9,1,0
BRDA:40,10,0,2
BRDA:40,10,1,0
BRDA:41,11,0,2
BRDA:41,11,1,0
BRDA:79,12,0,2
BRDA:79,12,1,0
BRDA:79,13,0,2
BRDA:79,13,1,2
BRDA:91,14,0,2
BRDA:91,14,1,0
BRDA:91,15,0,2
BRDA:91,15,1,2
BRDA:103,16,0,2
BRDA:103,16,1,0
BRDA:103,17,0,2
BRDA:103,17,1,2
BRDA:115,18,0,2
BRDA:115,18,1,0
BRDA:115,19,0,2
BRDA:115,19,1,2
BRDA:129,20,0,2
BRDA:129,20,1,2
BRDA:130,21,0,2
BRDA:130,21,1,2
BRDA:161,22,0,0
BRDA:161,22,1,1
BRDA:166,23,0,0
BRDA:166,23,1,0
BRDA:167,24,0,0
BRDA:167,24,1,0
BRDA:170,25,0,1
BRDA:170,25,1,0
BRDA:180,26,0,1
BRDA:180,26,1,1
BRDA:188,27,0,0
BRDA:188,27,1,1
BRDA:198,28,0,0
BRDA:198,28,1,1
BRDA:210,29,0,0
BRDA:222,30,0,1
BRDA:222,30,1,0
BRDA:224,31,0,1
BRDA:224,31,1,1
BRDA:247,32,0,4
BRDA:247,32,1,0
BRDA:288,33,0,0
BRDA:288,33,1,0
BRF:66
BRH:34
end_of_record
TN:
SF:src/components/filters/ChipMultiSelect.js
FN:21,ChipMultiSelect
FN:34,ChipRow
FN:37,(anonymous_2)
FN:45,(anonymous_3)
FNF:4
FNH:3
FNDA:84,ChipMultiSelect
FNDA:112,ChipRow
FNDA:784,(anonymous_2)
FNDA:0,(anonymous_3)
DA:22,84
DA:35,112
DA:38,784
DA:39,784
DA:40,784
DA:41,784
DA:45,0
DA:57,2
LF:8
LH:7
BRDA:40,0,0,784
BRDA:40,0,1,196
BRDA:44,1,0,784
BRDA:44,1,1,0
BRDA:49,2,0,784
BRDA:49,2,1,0
BRF:6
BRH:4
end_of_record
TN:
SF:src/components/filters/LevelSlider.js
FN:20,LevelSlider
FN:27,(anonymous_1)
FN:33,(anonymous_2)
FN:46,(anonymous_3)
FNF:4
FNH:3
FNDA:56,LevelSlider
FNDA:504,(anonymous_1)
FNDA:0,(anonymous_2)
FNDA:168,(anonymous_3)
DA:21,56
DA:23,56
DA:28,504
DA:29,504
DA:33,0
DA:47,168
DA:60,2
LF:7
LH:6
BRDA:32,0,0,504
BRDA:32,0,1,504
BRDA:38,1,0,504
BRDA:38,1,1,504
BRDA:50,2,0,56
BRDA:50,2,1,56
BRF:6
BRH:6
end_of_record
TN:
SF:src/components/filters/TaxonomySection.js
FN:25,TaxonomySection
FN:36,(anonymous_1)
FN:47,(anonymous_2)
FN:53,(anonymous_3)
FN:59,(anonymous_4)
FN:72,EntryChip
FN:95,ExpandedEntry
FN:108,(anonymous_7)
FN:114,(anonymous_8)
FNF:9
FNH:3
FNDA:56,TaxonomySection
FNDA:0,(anonymous_1)
FNDA:0,(anonymous_2)
FNDA:616,(anonymous_3)
FNDA:0,(anonymous_4)
FNDA:616,EntryChip
FNDA:0,ExpandedEntry
FNDA:0,(anonymous_7)
FNDA:0,(anonymous_8)
DA:36,56
DA:38,56
DA:47,0
DA:54,616
DA:59,0
DA:73,616
DA:76,616
DA:78,616
DA:96,0
DA:97,0
DA:109,0
DA:110,0
DA:114,0
DA:129,2
LF:14
LH:7
BRDA:36,0,0,0
BRDA:36,0,1,56
BRDA:41,1,0,0
BRDA:41,1,1,56
BRDA:46,2,0,0
BRDA:46,2,1,0
BRDA:73,3,0,15
BRDA:73,3,1,601
BRDA:75,4,0,0
BRDA:75,4,1,601
BRDA:75,5,0,0
BRDA:75,5,1,0
BRDA:76,6,0,616
BRDA:76,6,1,0
BRDA:83,7,0,15
BRDA:83,7,1,601
BRDA:86,8,0,616
BRDA:86,8,1,15
BRDA:96,9,0,0
BRDA:96,9,1,0
BRDA:108,10,0,0
BRDA:108,10,1,0
BRDA:113,11,0,0
BRDA:113,11,1,0
BRDA:118,12,0,0
BRDA:118,12,1,0
BRF:26
BRH:10
end_of_record
TN:
SF:src/context/AccessibilityContext.js
FN:31,toKnownTextSize
FN:32,(anonymous_1)
FN:40,(anonymous_2)
FN:41,(anonymous_3)
FN:42,(anonymous_4)
FN:43,(anonymous_5)
FN:47,AccessibilityProvider
FN:53,(anonymous_7)
FN:55,(anonymous_8)
FN:72,(anonymous_9)
FN:76,(anonymous_10)
FN:83,(anonymous_11)
FN:91,(anonymous_12)
FN:99,(anonymous_13)
FNF:14
FNH:0
FNDA:0,toKnownTextSize
FNDA:0,(anonymous_1)
FNDA:0,(anonymous_2)
FNDA:0,(anonymous_3)
FNDA:0,(anonymous_4)
FNDA:0,(anonymous_5)
FNDA:0,AccessibilityProvider
FNDA:0,(anonymous_7)
FNDA:0,(anonymous_8)
FNDA:0,(anonymous_9)
FNDA:0,(anonymous_10)
FNDA:0,(anonymous_11)
FNDA:0,(anonymous_12)
FNDA:0,(anonymous_13)
DA:4,7
DA:17,7
DA:23,7
DA:32,0
DA:35,7
DA:43,0
DA:48,0
DA:49,0
DA:50,0
DA:51,0
DA:53,0
DA:55,0
DA:56,0
DA:57,0
DA:62,0
DA:63,0
DA:64,0
DA:68,0
DA:72,0
DA:73,0
DA:76,0
DA:77,0
DA:78,0
DA:79,0
DA:83,0
DA:84,0
DA:85,0
DA:86,0
DA:87,0
DA:91,0
DA:92,0
DA:93,0
DA:94,0
DA:98,0
DA:99,0
DA:111,0
DA:124,0
LF:37
LH:4
BRDA:32,0,0,0
BRDA:32,0,1,0
BRDA:79,1,0,0
BRDA:79,1,1,0
BRDA:94,2,0,0
BRDA:94,2,1,0
BRDA:112,3,0,0
BRDA:112,3,1,0
BRF:8
BRH:0
end_of_record
TN:
SF:src/context/BookmarkCountContext.js
FN:4,(anonymous_0)
FN:6,BookmarkCountProvider
FN:9,(anonymous_2)
FNF:3
FNH:0
FNDA:0,(anonymous_0)
FNDA:0,BookmarkCountProvider
FNDA:0,(anonymous_2)
DA:4,3
DA:7,0
DA:9,0
DA:12,0
DA:15,0
LF:5
LH:1
BRF:0
BRH:0
end_of_record
TN:
SF:src/context/DownloadContext.js
FN:19,(anonymous_0)
FN:20,(anonymous_1)
FN:21,(anonymous_2)
FN:39,useDownloadIndicator
FN:52,(anonymous_4)
FN:56,(anonymous_5)
FN:72,(anonymous_6)
FN:78,DownloadProvider
FN:85,(anonymous_8)
FN:89,(anonymous_9)
FN:94,(anonymous_10)
FN:99,(anonymous_11)
FN:101,(anonymous_12)
FN:102,(anonymous_13)
FNF:14
FNH:4
FNDA:0,(anonymous_0)
FNDA:0,(anonymous_1)
FNDA:0,(anonymous_2)
FNDA:128,useDownloadIndicator
FNDA:61,(anonymous_4)
FNDA:61,(anonymous_5)
FNDA:1,(anonymous_6)
FNDA:0,DownloadProvider
FNDA:0,(anonymous_8)
FNDA:0,(anonymous_9)
FNDA:0,(anonymous_10)
FNDA:0,(anonymous_11)
FNDA:0,(anonymous_12)
FNDA:0,(anonymous_13)
DA:14,4
DA:24,4
DA:25,4
DA:41,128
DA:42,128
DA:44,128
DA:45,128
DA:46,128
DA:47,128
DA:48,128
DA:50,128
DA:52,128
DA:53,61
DA:56,128
DA:57,61
DA:61,1
DA:62,0
DA:63,0
DA:65,1
DA:66,1
DA:71,1
DA:72,1
DA:75,128
DA:79,0
DA:80,0
DA:81,0
DA:83,0
DA:85,0
DA:86,0
DA:89,0
DA:90,0
DA:91,0
DA:94,0
DA:95,0
DA:96,0
DA:99,0
DA:100,0
DA:101,0
DA:102,0
DA:105,0
LF:40
LH:21
BRDA:45,0,0,128
BRDA:45,0,1,33
BRDA:46,1,0,128
BRDA:46,1,1,33
BRDA:47,2,0,128
BRDA:47,2,1,33
BRDA:48,3,0,128
BRDA:48,3,1,127
BRDA:48,3,2,126
BRDA:53,4,0,1
BRDA:53,4,1,60
BRDA:57,5,0,60
BRDA:57,5,1,1
BRDA:61,6,0,0
BRDA:61,6,1,1
BRDA:91,7,0,0
BRDA:91,7,1,0
BRDA:96,8,0,0
BRDA:96,8,1,0
BRDA:100,9,0,0
BRDA:100,9,1,0
BRF:21
BRH:14
end_of_record
TN:
SF:src/data/constants.js
FN:446,costLevel
FN:447,(anonymous_1)
FN:451,complexityLevel
FN:452,(anonymous_3)
FN:456,(anonymous_4)
FN:468,getCountriesForRegion
FN:469,(anonymous_6)
FNF:7
FNH:7
FNDA:35,costLevel
FNDA:75,(anonymous_1)
FNDA:35,complexityLevel
FNDA:69,(anonymous_3)
FNDA:13,(anonymous_4)
FNDA:23,getCountriesForRegion
FNDA:4600,(anonymous_6)
DA:15,13
DA:195,13
DA:353,13
DA:362,13
DA:372,13
DA:384,13
DA:396,13
DA:420,13
DA:427,13
DA:447,75
DA:452,69
DA:456,13
DA:457,13
DA:458,13
DA:459,2600
DA:461,13
DA:469,4600
LF:17
LH:17
BRDA:447,0,0,35
BRDA:447,0,1,15
BRDA:452,1,0,35
BRDA:452,1,1,13
BRF:4
BRH:4
end_of_record
TN:
SF:src/data/innovationHubRegions.js
FNF:0
FNH:0
DA:6,13
LF:1
LH:1
BRF:0
BRH:0
end_of_record
TN:
SF:src/database/filterQuery.js
FN:23,buildFilterQuery
FN:31,(anonymous_1)
FN:33,(anonymous_2)
FN:36,(anonymous_3)
FN:37,(anonymous_4)
FN:42,(anonymous_5)
FN:44,(anonymous_6)
FN:51,(anonymous_7)
FN:53,(anonymous_8)
FN:56,(anonymous_9)
FN:57,(anonymous_10)
FN:62,(anonymous_11)
FN:64,(anonymous_12)
FN:79,(anonymous_13)
FN:81,(anonymous_14)
FN:88,(anonymous_15)
FN:95,(anonymous_16)
FN:97,(anonymous_17)
FN:102,(anonymous_18)
FN:104,(anonymous_19)
FN:109,(anonymous_20)
FN:110,(anonymous_21)
FN:115,(anonymous_22)
FN:117,(anonymous_23)
FN:126,(anonymous_24)
FN:128,(anonymous_25)
FNF:26
FNH:26
FNDA:98,buildFilterQuery
FNDA:23,(anonymous_1)
FNDA:23,(anonymous_2)
FNDA:7,(anonymous_3)
FNDA:18,(anonymous_4)
FNDA:18,(anonymous_5)
FNDA:18,(anonymous_6)
FNDA:10,(anonymous_7)
FNDA:10,(anonymous_8)
FNDA:5,(anonymous_9)
FNDA:14,(anonymous_10)
FNDA:16,(anonymous_11)
FNDA:16,(anonymous_12)
FNDA:6,(anonymous_13)
FNDA:6,(anonymous_14)
FNDA:34,(anonymous_15)
FNDA:83,(anonymous_16)
FNDA:83,(anonymous_17)
FNDA:10,(anonymous_18)
FNDA:10,(anonymous_19)
FNDA:8,(anonymous_20)
FNDA:14,(anonymous_21)
FNDA:28,(anonymous_22)
FNDA:28,(anonymous_23)
FNDA:8,(anonymous_24)
FNDA:8,(anonymous_25)
DA:24,98
DA:25,98
DA:26,98
DA:29,98
DA:30,11
DA:31,23
DA:32,11
DA:33,23
DA:34,87
DA:35,7
DA:36,7
DA:37,18
DA:38,7
DA:40,7
DA:41,6
DA:42,18
DA:43,6
DA:44,18
DA:49,98
DA:50,10
DA:51,10
DA:52,10
DA:53,10
DA:54,88
DA:55,5
DA:56,5
DA:57,14
DA:58,5
DA:60,5
DA:61,4
DA:62,16
DA:63,4
DA:64,16
DA:68,98
DA:69,8
DA:70,8
DA:73,98
DA:74,7
DA:75,7
DA:78,98
DA:79,6
DA:80,6
DA:81,6
DA:85,98
DA:86,98
DA:87,6
DA:88,34
DA:89,6
DA:91,6
DA:93,98
DA:94,12
DA:95,83
DA:96,12
DA:97,83
DA:100,98
DA:101,7
DA:102,10
DA:103,7
DA:104,10
DA:107,98
DA:108,8
DA:109,8
DA:110,14
DA:111,8
DA:113,8
DA:114,7
DA:115,28
DA:116,7
DA:117,28
DA:121,98
DA:122,7
DA:125,98
DA:126,8
DA:127,7
DA:128,8
DA:131,98
LF:76
LH:76
BRDA:29,0,0,11
BRDA:29,0,1,87
BRDA:29,1,0,98
BRDA:29,1,1,12
BRDA:34,2,0,7
BRDA:34,2,1,80
BRDA:34,3,0,87
BRDA:34,3,1,7
BRDA:38,4,0,6
BRDA:38,4,1,1
BRDA:40,5,0,6
BRDA:40,5,1,1
BRDA:49,6,0,10
BRDA:49,6,1,88
BRDA:49,7,0,98
BRDA:49,7,1,11
BRDA:54,8,0,5
BRDA:54,8,1,83
BRDA:54,9,0,88
BRDA:54,9,1,5
BRDA:58,10,0,4
BRDA:58,10,1,1
BRDA:60,11,0,4
BRDA:60,11,1,1
BRDA:68,12,0,8
BRDA:68,12,1,90
BRDA:68,13,0,98
BRDA:68,13,1,9
BRDA:73,14,0,7
BRDA:73,14,1,91
BRDA:73,15,0,98
BRDA:73,15,1,8
BRDA:78,16,0,6
BRDA:78,16,1,92
BRDA:78,17,0,98
BRDA:78,17,1,7
BRDA:85,18,0,98
BRDA:85,18,1,88
BRDA:86,19,0,6
BRDA:86,19,1,92
BRDA:86,20,0,98
BRDA:86,20,1,7
BRDA:89,21,0,4
BRDA:89,21,1,2
BRDA:93,22,0,12
BRDA:93,22,1,86
BRDA:100,23,0,7
BRDA:100,23,1,91
BRDA:100,24,0,98
BRDA:100,24,1,8
BRDA:107,25,0,8
BRDA:107,25,1,90
BRDA:107,26,0,98
BRDA:107,26,1,9
BRDA:111,27,0,7
BRDA:111,27,1,1
BRDA:113,28,0,7
BRDA:113,28,1,1
BRDA:121,29,0,7
BRDA:121,29,1,91
BRDA:125,30,0,7
BRDA:125,30,1,91
BRDA:125,31,0,98
BRDA:125,31,1,8
BRF:64
BRH:64
end_of_record
TN:
SF:src/database/likeClause.js
FN:17,escapeLikePattern
FN:29,buildKeywordLikeClause
FN:30,(anonymous_2)
FN:35,(anonymous_3)
FN:36,(anonymous_4)
FNF:5
FNH:5
FNDA:17,escapeLikePattern
FNDA:8,buildKeywordLikeClause
FNDA:12,(anonymous_2)
FNDA:10,(anonymous_3)
FNDA:10,(anonymous_4)
DA:14,1
DA:18,17
DA:30,12
DA:31,8
DA:32,2
DA:34,6
DA:35,10
DA:36,10
LF:8
LH:8
BRDA:18,0,0,17
BRDA:18,0,1,2
BRDA:30,1,0,7
BRDA:30,1,1,1
BRDA:30,2,0,12
BRDA:30,2,1,11
BRDA:31,3,0,2
BRDA:31,3,1,6
BRF:8
BRH:8
end_of_record
TN:
SF:src/database/paginate.js
FN:34,hasDerivedFilters
FN:36,(anonymous_1)
FN:48,splitFilters
FN:59,filterByCostAndComplexity
FN:64,(anonymous_4)
FN:84,collectFilteredPage
FN:126,countFiltered
FNF:7
FNH:7
FNDA:15,hasDerivedFilters
FNDA:22,(anonymous_1)
FNDA:10,splitFilters
FNDA:6,filterByCostAndComplexity
FNDA:22,(anonymous_4)
FNDA:20,collectFilteredPage
FNDA:6,countFiltered
DA:31,1
DA:35,15
DA:36,22
DA:49,10
DA:50,10
DA:51,10
DA:52,11
DA:53,5
DA:55,10
DA:60,6
DA:61,6
DA:62,12
DA:63,12
DA:64,22
DA:67,6
DA:70,1
DA:91,20
DA:93,19
DA:94,19
DA:95,19
DA:97,19
DA:98,109
DA:99,109
DA:100,105
DA:102,105
DA:105,105
DA:108,19
DA:132,6
DA:133,6
DA:134,6
DA:136,6
DA:137,38
DA:138,2
DA:139,2
DA:141,36
DA:142,36
DA:143,36
DA:144,32
DA:146,32
DA:148,32
DA:151,6
LF:41
LH:41
BRDA:35,0,0,2
BRDA:35,0,1,13
BRDA:51,1,0,10
BRDA:51,1,1,1
BRDA:52,2,0,6
BRDA:52,2,1,5
BRDA:63,3,0,6
BRDA:63,3,1,6
BRDA:64,4,0,22
BRDA:64,4,1,17
BRDA:87,5,0,0
BRDA:88,6,0,0
BRDA:89,7,0,2
BRDA:91,8,0,1
BRDA:91,8,1,19
BRDA:99,9,0,4
BRDA:99,9,1,105
BRDA:99,10,0,109
BRDA:99,10,1,109
BRDA:105,11,0,0
BRDA:105,11,1,105
BRDA:129,12,0,1
BRDA:130,13,0,4
BRDA:137,14,0,2
BRDA:137,14,1,36
BRDA:143,15,0,4
BRDA:143,15,1,32
BRDA:143,16,0,36
BRDA:143,16,1,36
BRDA:148,17,0,0
BRDA:148,17,1,32
BRF:31
BRH:27
end_of_record
TN:
SF:src/hooks/useAiSearch.js
FN:10,(anonymous_0)
FN:22,useAiSearch
FN:41,(anonymous_2)
FN:46,(anonymous_3)
FN:52,(anonymous_4)
FN:91,(anonymous_5)
FN:109,(anonymous_6)
FN:128,(anonymous_7)
FN:138,(anonymous_8)
FN:143,(anonymous_9)
FNF:10
FNH:7
FNDA:2,(anonymous_0)
FNDA:69,useAiSearch
FNDA:14,(anonymous_2)
FNDA:7,(anonymous_3)
FNDA:8,(anonymous_4)
FNDA:0,(anonymous_5)
FNDA:0,(anonymous_6)
FNDA:0,(anonymous_7)
FNDA:19,(anonymous_8)
FNDA:26,(anonymous_9)
DA:6,1
DA:8,1
DA:10,2
DA:23,69
DA:24,69
DA:25,69
DA:26,69
DA:27,69
DA:28,69
DA:29,69
DA:33,69
DA:34,69
DA:39,69
DA:41,69
DA:42,14
DA:43,14
DA:46,69
DA:47,7
DA:48,7
DA:51,69
DA:53,8
DA:54,8
DA:55,8
DA:56,8
DA:59,7
DA:60,7
DA:62,7
DA:63,7
DA:64,7
DA:65,7
DA:66,7
DA:67,7
DA:68,7
DA:69,7
DA:70,6
DA:71,6
DA:73,1
DA:79,1
DA:80,1
DA:82,1
DA:83,1
DA:85,7
DA:91,69
DA:92,0
DA:93,0
DA:94,0
DA:95,0
DA:99,0
DA:100,0
DA:102,0
DA:104,0
DA:109,69
DA:110,0
DA:111,0
DA:112,0
DA:113,0
DA:114,0
DA:115,0
DA:120,69
DA:126,69
DA:129,0
DA:130,0
DA:138,69
DA:139,19
DA:143,69
DA:144,26
DA:145,0
DA:146,0
DA:150,69
LF:69
LH:51
BRDA:10,0,0,2
BRDA:10,0,1,0
BRDA:10,1,0,2
BRDA:10,1,1,0
BRDA:22,2,0,0
BRDA:52,3,0,0
BRDA:54,4,0,8
BRDA:54,4,1,8
BRDA:55,5,0,8
BRDA:55,5,1,0
BRDA:56,6,0,1
BRDA:56,6,1,7
BRDA:59,7,0,0
BRDA:59,7,1,7
BRDA:59,8,0,7
BRDA:59,8,1,0
BRDA:60,9,0,0
BRDA:60,9,1,7
BRDA:70,10,0,6
BRDA:70,10,1,0
BRDA:71,11,0,6
BRDA:71,11,1,6
BRDA:79,12,0,1
BRDA:79,12,1,0
BRDA:82,13,0,1
BRDA:82,13,1,0
BRDA:92,14,0,0
BRDA:92,14,1,0
BRDA:92,15,0,0
BRDA:92,15,1,0
BRDA:99,16,0,0
BRDA:99,16,1,0
BRDA:100,17,0,0
BRDA:100,17,1,0
BRDA:130,18,0,0
BRDA:130,18,1,0
BRDA:130,19,0,0
BRDA:130,19,1,0
BRDA:139,20,0,0
BRDA:139,20,1,19
BRDA:144,21,0,0
BRDA:144,21,1,26
BRDA:144,22,0,26
BRDA:144,22,1,0
BRDA:144,22,2,0
BRF:45
BRH:18
end_of_record
TN:
SF:src/hooks/useDrilldown.js
FN:18,useDrilldown
FN:36,(anonymous_1)
FN:43,(anonymous_2)
FN:78,(anonymous_3)
FN:101,(anonymous_4)
FN:108,(anonymous_5)
FN:126,(anonymous_6)
FNF:7
FNH:5
FNDA:69,useDrilldown
FNDA:2,(anonymous_1)
FNDA:2,(anonymous_2)
FNDA:2,(anonymous_3)
FNDA:0,(anonymous_4)
FNDA:0,(anonymous_5)
FNDA:8,(anonymous_6)
DA:5,1
DA:7,1
DA:19,69
DA:20,69
DA:21,69
DA:22,69
DA:23,69
DA:24,69
DA:25,69
DA:26,69
DA:27,69
DA:28,69
DA:29,69
DA:30,69
DA:31,69
DA:35,69
DA:36,69
DA:37,2
DA:38,2
DA:42,69
DA:44,2
DA:45,2
DA:46,2
DA:47,2
DA:51,2
DA:52,2
DA:53,2
DA:55,0
DA:56,0
DA:57,0
DA:58,0
DA:59,0
DA:61,2
DA:77,69
DA:87,2
DA:88,2
DA:89,2
DA:90,2
DA:91,2
DA:92,2
DA:93,2
DA:94,2
DA:100,69
DA:102,0
DA:103,0
DA:108,69
DA:109,0
DA:110,0
DA:111,0
DA:112,0
DA:116,0
DA:117,0
DA:118,0
DA:120,0
DA:122,0
DA:126,69
DA:128,69
LF:57
LH:41
BRDA:82,0,0,0
BRDA:84,1,0,0
BRDA:85,2,0,2
BRDA:109,3,0,0
BRDA:109,3,1,0
BRDA:109,4,0,0
BRDA:109,4,1,0
BRDA:109,4,2,0
BRF:8
BRH:1
end_of_record
TN:
SF:src/hooks/useExploreData.js
FN:21,useExploreData
FN:30,(anonymous_1)
FNF:2
FNH:2
FNDA:14,useExploreData
FNDA:7,(anonymous_1)
DA:10,1
DA:22,14
DA:23,14
DA:24,14
DA:25,14
DA:26,14
DA:27,14
DA:28,14
DA:30,14
DA:31,7
DA:32,7
DA:33,7
DA:34,7
DA:38,6
DA:39,6
DA:40,6
DA:42,6
DA:47,6
DA:48,6
DA:49,6
DA:51,1
DA:52,1
DA:56,14
LF:23
LH:23
BRDA:51,0,0,1
BRDA:51,0,1,0
BRF:2
BRH:1
end_of_record
TN:
SF:src/hooks/useHelpInnovations.js
FN:30,useHelpInnovations
FN:35,(anonymous_1)
FN:41,(anonymous_2)
FN:75,(anonymous_3)
FN:96,(anonymous_4)
FNF:5
FNH:5
FNDA:105,useHelpInnovations
FNDA:37,(anonymous_1)
FNDA:14,(anonymous_2)
FNDA:4,(anonymous_3)
FNDA:14,(anonymous_4)
DA:6,2
DA:8,2
DA:9,2
DA:16,2
DA:18,2
DA:31,105
DA:32,105
DA:33,105
DA:35,105
DA:36,37
DA:37,14
DA:38,14
DA:39,14
DA:41,14
DA:42,14
DA:43,14
DA:44,14
DA:45,47
DA:46,47
DA:47,47
DA:48,47
DA:49,49
DA:50,46
DA:57,46
DA:59,7
DA:60,10
DA:61,10
DA:62,10
DA:63,10
DA:66,7
DA:67,7
DA:70,11
DA:75,11
DA:76,4
DA:77,4
DA:78,4
DA:79,3
DA:81,11
DA:83,3
DA:84,3
DA:85,3
DA:86,3
DA:88,2
DA:89,2
DA:92,14
DA:96,14
DA:99,105
LF:47
LH:47
BRDA:36,0,0,23
BRDA:36,0,1,14
BRDA:36,1,0,37
BRDA:36,1,1,15
BRDA:45,2,0,0
BRDA:45,2,1,47
BRDA:48,3,0,54
BRDA:48,3,1,49
BRDA:48,3,2,49
BRDA:50,4,0,46
BRDA:50,4,1,0
BRDA:57,5,0,39
BRDA:57,5,1,7
BRDA:60,6,0,10
BRDA:60,6,1,0
BRDA:62,7,0,10
BRDA:62,7,1,0
BRDA:62,8,0,10
BRDA:62,8,1,1
BRDA:62,9,0,1
BRDA:62,9,1,0
BRDA:67,10,0,7
BRDA:67,10,1,5
BRDA:70,11,0,0
BRDA:70,11,1,11
BRDA:76,12,0,2
BRDA:76,12,1,2
BRDA:76,13,0,4
BRDA:76,13,1,0
BRDA:77,14,0,1
BRDA:77,14,1,3
BRDA:77,15,0,4
BRDA:77,15,1,0
BRDA:78,16,0,1
BRDA:78,16,1,3
BRDA:79,17,0,3
BRDA:79,17,1,0
BRDA:79,18,0,3
BRDA:79,18,1,0
BRDA:83,19,0,0
BRDA:83,19,1,3
BRDA:92,20,0,14
BRDA:92,20,1,0
BRF:43
BRH:31
end_of_record
TN:
SF:src/hooks/useInnovationInteractions.js
FN:42,useInnovationInteractions
FN:47,(anonymous_1)
FN:48,(anonymous_2)
FN:59,(anonymous_3)
FN:61,(anonymous_4)
FN:64,(anonymous_5)
FN:68,(anonymous_6)
FN:75,(anonymous_7)
FN:76,(anonymous_8)
FN:88,(anonymous_9)
FN:106,(anonymous_10)
FN:107,(anonymous_11)
FN:110,(anonymous_12)
FN:114,(anonymous_13)
FN:116,(anonymous_14)
FN:125,(anonymous_15)
FN:132,(anonymous_16)
FN:158,(anonymous_17)
FN:162,(anonymous_18)
FN:168,(anonymous_19)
FN:171,(anonymous_20)
FN:174,(anonymous_21)
FN:177,(anonymous_22)
FN:182,(anonymous_23)
FN:201,(anonymous_24)
FN:203,(anonymous_25)
FN:204,(anonymous_26)
FN:210,(anonymous_27)
FN:213,(anonymous_28)
FN:218,(anonymous_29)
FN:222,(anonymous_30)
FN:224,(anonymous_31)
FN:228,(anonymous_32)
FN:233,(anonymous_33)
FN:255,(anonymous_34)
FNF:35
FNH:25
FNDA:187,useInnovationInteractions
FNDA:51,(anonymous_1)
FNDA:51,(anonymous_2)
FNDA:51,(anonymous_3)
FNDA:15,(anonymous_4)
FNDA:51,(anonymous_5)
FNDA:51,(anonymous_6)
FNDA:17,(anonymous_7)
FNDA:17,(anonymous_8)
FNDA:393,(anonymous_9)
FNDA:14,(anonymous_10)
FNDA:12,(anonymous_11)
FNDA:5,(anonymous_12)
FNDA:3,(anonymous_13)
FNDA:4,(anonymous_14)
FNDA:2,(anonymous_15)
FNDA:16,(anonymous_16)
FNDA:2,(anonymous_17)
FNDA:4,(anonymous_18)
FNDA:0,(anonymous_19)
FNDA:1,(anonymous_20)
FNDA:1,(anonymous_21)
FNDA:0,(anonymous_22)
FNDA:4,(anonymous_23)
FNDA:53,(anonymous_24)
FNDA:0,(anonymous_25)
FNDA:0,(anonymous_26)
FNDA:2,(anonymous_27)
FNDA:53,(anonymous_28)
FNDA:0,(anonymous_29)
FNDA:0,(anonymous_30)
FNDA:0,(anonymous_31)
FNDA:0,(anonymous_32)
FNDA:0,(anonymous_33)
FNDA:0,(anonymous_34)
DA:14,3
DA:43,187
DA:45,187
DA:47,187
DA:48,187
DA:49,187
DA:51,187
DA:52,187
DA:53,187
DA:54,187
DA:55,187
DA:59,187
DA:60,51
DA:61,51
DA:64,187
DA:65,51
DA:68,187
DA:69,51
DA:70,51
DA:75,187
DA:76,17
DA:87,187
DA:89,393
DA:90,28
DA:91,28
DA:92,8
DA:93,8
DA:94,6
DA:96,8
DA:97,2
DA:99,8
DA:106,187
DA:107,187
DA:109,187
DA:111,5
DA:112,5
DA:113,5
DA:114,5
DA:115,5
DA:116,4
DA:121,5
DA:122,2
DA:123,2
DA:125,3
DA:126,3
DA:131,187
DA:133,16
DA:134,15
DA:135,15
DA:136,15
DA:137,15
DA:138,11
DA:140,1
DA:143,15
DA:148,15
DA:149,15
DA:150,11
DA:151,15
DA:152,15
DA:157,187
DA:158,2
DA:162,187
DA:163,4
DA:164,4
DA:165,4
DA:168,187
DA:171,187
DA:172,1
DA:173,1
DA:174,1
DA:177,187
DA:181,187
DA:183,4
DA:184,3
DA:185,2
DA:186,2
DA:195,187
DA:196,187
DA:197,187
DA:201,187
DA:202,53
DA:203,2
DA:204,0
DA:205,0
DA:206,0
DA:207,0
DA:210,2
DA:213,187
DA:214,53
DA:215,0
DA:216,0
DA:217,0
DA:218,0
DA:219,0
DA:221,0
DA:223,0
DA:224,0
DA:225,0
DA:228,0
DA:230,0
DA:231,0
DA:233,0
DA:236,0
DA:237,0
DA:238,0
DA:239,0
DA:245,0
DA:246,0
DA:252,0
DA:255,0
DA:258,187
LF:111
LH:86
BRDA:78,0,0,17
BRDA:78,0,1,13
BRDA:89,1,0,365
BRDA:89,1,1,28
BRDA:91,2,0,20
BRDA:91,2,1,8
BRDA:93,3,0,6
BRDA:93,3,1,2
BRDA:94,4,0,6
BRDA:94,4,1,0
BRDA:96,5,0,2
BRDA:96,5,1,6
BRDA:97,6,0,2
BRDA:97,6,1,0
BRDA:111,7,0,0
BRDA:111,7,1,5
BRDA:115,8,0,3
BRDA:115,8,1,2
BRDA:121,9,0,2
BRDA:121,9,1,3
BRDA:133,10,0,1
BRDA:133,10,1,15
BRDA:137,11,0,4
BRDA:137,11,1,11
BRDA:143,12,0,4
BRDA:143,12,1,11
BRDA:149,13,0,4
BRDA:149,13,1,11
BRDA:162,14,0,3
BRDA:183,15,0,1
BRDA:183,15,1,3
BRDA:184,16,0,1
BRDA:184,16,1,2
BRDA:202,17,0,51
BRDA:202,17,1,2
BRDA:205,18,0,0
BRDA:205,18,1,0
BRDA:205,19,0,0
BRDA:205,19,1,0
BRDA:207,20,0,0
BRDA:207,20,1,0
BRDA:214,21,0,53
BRDA:214,21,1,0
BRDA:214,22,0,53
BRDA:214,22,1,2
BRDA:224,23,0,0
BRDA:224,23,1,0
BRDA:230,24,0,0
BRDA:230,24,1,0
BRDA:236,25,0,0
BRDA:236,25,1,0
BRDA:238,26,0,0
BRDA:238,26,1,0
BRDA:238,27,0,0
BRDA:238,27,1,0
BRDA:241,28,0,0
BRDA:241,28,1,0
BRDA:245,29,0,0
BRDA:245,29,1,0
BRDA:248,30,0,0
BRDA:248,30,1,0
BRDA:252,31,0,0
BRDA:252,31,1,0
BRF:63
BRH:35
end_of_record
TN:
SF:src/hooks/useSpeechToText.js
FN:19,useSpeechToText
FN:31,(anonymous_1)
FN:86,(anonymous_2)
FNF:3
FNH:1
FNDA:69,useSpeechToText
FNDA:0,(anonymous_1)
FNDA:0,(anonymous_2)
DA:6,1
DA:20,69
DA:21,69
DA:26,69
DA:27,69
DA:28,69
DA:29,69
DA:31,69
DA:32,0
DA:34,0
DA:35,0
DA:37,0
DA:38,0
DA:39,0
DA:41,0
DA:42,0
DA:43,0
DA:44,0
DA:45,0
DA:48,0
DA:49,0
DA:51,0
DA:52,0
DA:54,0
DA:57,0
DA:58,0
DA:60,0
DA:62,0
DA:66,0
DA:67,0
DA:68,0
DA:69,0
DA:70,0
DA:71,0
DA:72,0
DA:75,0
DA:76,0
DA:77,0
DA:78,0
DA:80,0
DA:81,0
DA:82,0
DA:86,69
DA:88,69
LF:44
LH:10
BRDA:32,0,0,0
BRDA:32,0,1,0
BRDA:41,1,0,0
BRDA:41,1,1,0
BRDA:49,2,0,0
BRDA:49,2,1,0
BRDA:51,3,0,0
BRDA:51,3,1,0
BRDA:58,4,0,0
BRDA:58,4,1,0
BRDA:69,5,0,0
BRDA:69,5,1,0
BRDA:81,6,0,0
BRDA:81,6,1,0
BRF:14
BRH:0
end_of_record
TN:
SF:src/screens/BookmarksScreen.js
FN:19,BookmarksScreen
FN:39,(anonymous_1)
FN:45,(anonymous_2)
FN:52,(anonymous_3)
FN:53,(anonymous_4)
FN:53,(anonymous_5)
FN:53,(anonymous_6)
FN:58,(anonymous_7)
FN:66,(anonymous_8)
FN:67,(anonymous_9)
FN:68,(anonymous_10)
FN:76,(anonymous_11)
FN:76,(anonymous_12)
FN:89,(anonymous_13)
FN:106,(anonymous_14)
FN:113,(anonymous_15)
FN:119,(anonymous_16)
FN:131,(anonymous_17)
FN:144,(anonymous_18)
FN:145,(anonymous_19)
FN:157,(anonymous_20)
FN:163,(anonymous_21)
FN:173,(anonymous_22)
FNF:23
FNH:14
FNDA:43,BookmarksScreen
FNDA:10,(anonymous_1)
FNDA:8,(anonymous_2)
FNDA:17,(anonymous_3)
FNDA:17,(anonymous_4)
FNDA:0,(anonymous_5)
FNDA:0,(anonymous_6)
FNDA:2,(anonymous_7)
FNDA:6,(anonymous_8)
FNDA:6,(anonymous_9)
FNDA:0,(anonymous_10)
FNDA:8,(anonymous_11)
FNDA:12,(anonymous_12)
FNDA:1,(anonymous_13)
FNDA:50,(anonymous_14)
FNDA:0,(anonymous_15)
FNDA:6,(anonymous_16)
FNDA:2,(anonymous_17)
FNDA:0,(anonymous_18)
FNDA:0,(anonymous_19)
FNDA:0,(anonymous_20)
FNDA:0,(anonymous_21)
FNDA:0,(anonymous_22)
DA:17,1
DA:20,43
DA:21,43
DA:22,43
DA:27,43
DA:28,43
DA:29,43
DA:30,43
DA:37,43
DA:39,43
DA:40,10
DA:41,10
DA:44,43
DA:46,8
DA:47,8
DA:52,43
DA:53,17
DA:56,43
DA:57,43
DA:59,2
DA:60,2
DA:61,2
DA:66,43
DA:67,6
DA:68,6
DA:69,6
DA:70,6
DA:75,43
DA:76,12
DA:78,43
DA:80,43
DA:89,1
DA:107,50
DA:108,50
DA:113,0
DA:119,6
DA:131,2
DA:144,0
DA:145,0
DA:157,0
DA:163,0
DA:173,0
DA:202,1
LF:43
LH:37
BRDA:61,0,0,0
BRDA:61,0,1,2
BRDA:68,1,0,0
BRDA:68,1,1,6
BRDA:69,2,0,0
BRDA:69,2,1,6
BRDA:75,3,0,4
BRDA:75,3,1,39
BRDA:76,4,0,8
BRDA:76,4,1,0
BRDA:78,5,0,43
BRDA:78,5,1,18
BRDA:86,6,0,18
BRDA:86,6,1,25
BRDA:88,7,0,18
BRDA:88,7,1,4
BRDA:94,8,0,4
BRDA:94,8,1,14
BRDA:95,9,0,18
BRDA:95,9,1,4
BRDA:117,10,0,11
BRDA:117,10,1,39
BRDA:118,11,0,11
BRDA:118,11,1,39
BRDA:120,12,0,50
BRDA:120,12,1,39
BRDA:123,13,0,11
BRDA:123,13,1,39
BRDA:143,14,0,0
BRDA:143,14,1,43
BRDA:144,15,0,0
BRDA:144,15,1,43
BRDA:145,16,0,0
BRDA:145,16,1,43
BRDA:147,17,0,43
BRDA:147,17,1,43
BRDA:149,18,0,0
BRDA:149,18,1,43
BRDA:150,19,0,43
BRDA:150,19,1,43
BRDA:156,20,0,43
BRDA:156,20,1,0
BRDA:186,21,0,43
BRDA:186,21,1,4
BRDA:186,21,2,4
BRF:45
BRH:36
end_of_record
TN:
SF:src/screens/HomeScreen.js
FN:46,HomeScreen
FN:62,(anonymous_1)
FN:66,(anonymous_2)
FN:71,(anonymous_3)
FN:77,(anonymous_4)
FN:91,(anonymous_5)
FN:92,(anonymous_6)
FN:99,(anonymous_7)
FN:108,(anonymous_8)
FN:109,(anonymous_9)
FN:125,(anonymous_10)
FN:134,(anonymous_11)
FN:145,(anonymous_12)
FN:155,(anonymous_13)
FN:164,(anonymous_14)
FN:213,(anonymous_15)
FN:218,(anonymous_16)
FN:241,(anonymous_17)
FN:243,(anonymous_18)
FN:250,(anonymous_19)
FN:252,(anonymous_20)
FNF:21
FNH:8
FNDA:69,HomeScreen
FNDA:8,(anonymous_1)
FNDA:8,(anonymous_2)
FNDA:0,(anonymous_3)
FNDA:8,(anonymous_4)
FNDA:19,(anonymous_5)
FNDA:0,(anonymous_6)
FNDA:0,(anonymous_7)
FNDA:68,(anonymous_8)
FNDA:0,(anonymous_9)
FNDA:0,(anonymous_10)
FNDA:0,(anonymous_11)
FNDA:0,(anonymous_12)
FNDA:8,(anonymous_13)
FNDA:69,(anonymous_14)
FNDA:0,(anonymous_15)
FNDA:0,(anonymous_16)
FNDA:0,(anonymous_17)
FNDA:0,(anonymous_18)
FNDA:0,(anonymous_19)
FNDA:0,(anonymous_20)
DA:23,1
DA:47,69
DA:48,69
DA:49,69
DA:50,69
DA:52,69
DA:53,69
DA:54,69
DA:55,69
DA:56,69
DA:57,69
DA:59,69
DA:60,69
DA:62,69
DA:63,8
DA:66,69
DA:67,8
DA:68,8
DA:71,69
DA:72,0
DA:73,0
DA:77,69
DA:78,8
DA:79,8
DA:82,69
DA:86,69
DA:88,69
DA:91,69
DA:92,19
DA:93,0
DA:97,69
DA:98,69
DA:100,0
DA:105,69
DA:106,69
DA:107,69
DA:108,69
DA:109,68
DA:110,0
DA:111,0
DA:112,0
DA:113,0
DA:114,0
DA:116,68
DA:125,69
DA:126,0
DA:127,0
DA:128,0
DA:130,0
DA:134,69
DA:135,0
DA:136,0
DA:137,0
DA:139,0
DA:144,69
DA:146,0
DA:147,0
DA:148,0
DA:149,0
DA:154,69
DA:156,8
DA:159,8
DA:164,69
DA:165,69
DA:166,9
DA:177,60
DA:196,69
DA:213,0
DA:218,0
DA:241,0
DA:244,0
DA:250,0
DA:253,0
DA:260,1
LF:74
LH:47
BRDA:63,0,0,0
BRDA:63,0,1,8
BRDA:86,1,0,69
BRDA:86,1,1,15
BRDA:86,1,2,15
BRDA:86,1,3,60
BRDA:86,1,4,2
BRDA:86,1,5,2
BRDA:110,2,0,0
BRDA:110,2,1,0
BRDA:165,3,0,9
BRDA:165,3,1,60
BRDA:166,4,0,2
BRDA:166,4,1,7
BRDA:179,5,0,60
BRDA:179,5,1,0
BRDA:207,6,0,0
BRDA:207,6,1,69
BRDA:212,7,0,0
BRDA:212,7,1,69
BRDA:217,8,0,0
BRDA:217,8,1,69
BRDA:221,9,0,69
BRDA:221,9,1,69
BRDA:224,10,0,0
BRDA:224,10,1,69
BRDA:228,11,0,69
BRDA:228,11,1,69
BRF:28
BRH:20
end_of_record
TN:
SF:src/screens/home/DrilldownView.js
FN:21,DrilldownView
FN:26,(anonymous_1)
FN:32,(anonymous_2)
FN:37,(anonymous_3)
FN:80,(anonymous_4)
FN:90,(anonymous_5)
FN:91,(anonymous_6)
FN:104,(anonymous_7)
FN:108,(anonymous_8)
FN:146,(anonymous_9)
FNF:10
FNH:4
FNDA:2,DrilldownView
FNDA:2,(anonymous_1)
FNDA:2,(anonymous_2)
FNDA:0,(anonymous_3)
FNDA:0,(anonymous_4)
FNDA:0,(anonymous_5)
FNDA:0,(anonymous_6)
FNDA:2,(anonymous_7)
FNDA:0,(anonymous_8)
FNDA:0,(anonymous_9)
DA:22,2
DA:23,2
DA:25,2
DA:26,2
DA:30,2
DA:32,2
DA:33,2
DA:34,2
DA:37,0
DA:50,2
DA:56,2
DA:80,0
DA:90,0
DA:91,0
DA:105,2
DA:108,0
DA:146,0
DA:156,1
LF:18
LH:12
BRDA:50,0,0,0
BRDA:50,0,1,2
BRDA:52,1,0,2
BRDA:52,1,1,0
BRDA:54,2,0,0
BRDA:54,2,1,0
BRDA:67,3,0,2
BRDA:67,3,1,0
BRDA:96,4,0,2
BRDA:96,4,1,2
BRDA:123,5,0,0
BRDA:123,5,1,2
BRDA:127,6,0,0
BRDA:127,6,1,2
BRDA:137,7,0,2
BRDA:137,7,1,0
BRF:16
BRH:8
end_of_record
TN:
SF:src/screens/home/ExploreMode.js
FN:21,ExploreMode
FN:26,(anonymous_1)
FN:51,(anonymous_2)
FN:56,(anonymous_3)
FN:77,(anonymous_4)
FN:81,(anonymous_5)
FN:97,(anonymous_6)
FN:101,(anonymous_7)
FN:117,(anonymous_8)
FN:121,(anonymous_9)
FN:132,(anonymous_10)
FN:138,(anonymous_11)
FN:150,Stat
FNF:13
FNH:6
FNDA:14,ExploreMode
FNDA:7,(anonymous_1)
FNDA:0,(anonymous_2)
FNDA:0,(anonymous_3)
FNDA:72,(anonymous_4)
FNDA:2,(anonymous_5)
FNDA:60,(anonymous_6)
FNDA:0,(anonymous_7)
FNDA:0,(anonymous_8)
FNDA:0,(anonymous_9)
FNDA:0,(anonymous_10)
FNDA:0,(anonymous_11)
FNDA:18,Stat
DA:22,14
DA:23,14
DA:24,14
DA:26,14
DA:27,7
DA:30,14
DA:31,7
DA:39,7
DA:40,1
DA:51,6
DA:52,0
DA:53,0
DA:56,0
DA:67,6
DA:78,72
DA:81,2
DA:98,60
DA:101,0
DA:118,0
DA:121,0
DA:133,0
DA:138,0
DA:151,18
DA:159,1
LF:24
LH:16
BRDA:30,0,0,7
BRDA:30,0,1,7
BRDA:39,1,0,1
BRDA:39,1,1,6
BRDA:84,2,0,72
BRDA:84,2,1,0
BRDA:88,3,0,72
BRDA:88,3,1,72
BRDA:104,4,0,60
BRDA:104,4,1,0
BRDA:108,5,0,60
BRDA:108,5,1,60
BRDA:152,6,0,18
BRDA:152,6,1,6
BRF:14
BRH:12
end_of_record
TN:
SF:src/screens/home/SearchMode.js
FN:23,SearchMode
FN:41,(anonymous_1)
FN:44,(anonymous_2)
FN:45,(anonymous_3)
FN:57,(anonymous_4)
FN:60,(anonymous_5)
FN:62,(anonymous_6)
FN:63,(anonymous_7)
FN:66,(anonymous_8)
FN:71,(anonymous_9)
FN:82,(anonymous_10)
FN:93,(anonymous_11)
FN:94,(anonymous_12)
FN:131,(anonymous_13)
FN:132,(anonymous_14)
FN:179,(anonymous_15)
FN:193,(anonymous_16)
FN:213,(anonymous_17)
FN:218,(anonymous_18)
FN:241,(anonymous_19)
FN:270,(anonymous_20)
FN:291,MicButton
FNF:22
FNH:10
FNDA:59,SearchMode
FNDA:20,(anonymous_1)
FNDA:0,(anonymous_2)
FNDA:0,(anonymous_3)
FNDA:20,(anonymous_4)
FNDA:20,(anonymous_5)
FNDA:0,(anonymous_6)
FNDA:0,(anonymous_7)
FNDA:7,(anonymous_8)
FNDA:0,(anonymous_9)
FNDA:8,(anonymous_10)
FNDA:0,(anonymous_11)
FNDA:0,(anonymous_12)
FNDA:45,(anonymous_13)
FNDA:7,(anonymous_14)
FNDA:0,(anonymous_15)
FNDA:0,(anonymous_16)
FNDA:0,(anonymous_17)
FNDA:0,(anonymous_18)
FNDA:1,(anonymous_19)
FNDA:0,(anonymous_20)
FNDA:45,MicButton
DA:33,59
DA:34,59
DA:35,59
DA:36,59
DA:37,59
DA:41,59
DA:42,20
DA:45,0
DA:46,0
DA:47,0
DA:48,0
DA:49,0
DA:50,0
DA:52,0
DA:57,20
DA:60,59
DA:61,20
DA:62,0
DA:63,0
DA:66,59
DA:67,7
DA:68,7
DA:71,0
DA:82,59
DA:84,59
DA:85,45
DA:93,0
DA:94,0
DA:131,45
DA:132,7
DA:162,14
DA:179,0
DA:193,0
DA:213,0
DA:218,0
DA:241,1
DA:270,0
DA:292,45
DA:315,1
LF:39
LH:22
BRDA:43,0,0,20
BRDA:43,0,1,0
BRDA:49,1,0,0
BRDA:49,1,1,0
BRDA:49,2,0,0
BRDA:49,2,1,0
BRDA:49,2,2,0
BRDA:61,3,0,20
BRDA:61,3,1,0
BRDA:84,4,0,45
BRDA:84,4,1,14
BRDA:131,5,0,45
BRDA:131,5,1,0
BRDA:164,6,0,14
BRDA:164,6,1,0
BRDA:165,7,0,0
BRDA:165,7,1,14
BRDA:228,8,0,0
BRDA:228,8,1,14
BRDA:235,9,0,3
BRDA:235,9,1,11
BRDA:277,10,0,14
BRDA:277,10,1,0
BRDA:294,11,0,45
BRDA:294,11,1,45
BRDA:294,11,2,0
BRDA:299,12,0,0
BRDA:299,12,1,45
BRDA:302,13,0,0
BRDA:302,13,1,45
BRDA:306,14,0,0
BRDA:306,14,1,45
BRDA:308,15,0,0
BRDA:308,15,1,45
BRF:34
BRH:17
end_of_record
TN:
SF:src/screens/home/drilldownTargets.js
FN:16,challengeTarget
FN:27,typeTarget
FN:38,regionTarget
FN:49,allTarget
FN:59,opportunityCellTarget
FN:60,(anonymous_5)
FN:73,readyCellTarget
FN:74,(anonymous_7)
FN:75,(anonymous_8)
FNF:9
FNH:9
FNDA:5,challengeTarget
FNDA:1,typeTarget
FNDA:3,regionTarget
FNDA:1,allTarget
FNDA:4,opportunityCellTarget
FNDA:15,(anonymous_5)
FNDA:4,readyCellTarget
FNDA:15,(anonymous_7)
FNDA:13,(anonymous_8)
DA:14,2
DA:17,5
DA:28,1
DA:39,3
DA:50,1
DA:60,15
DA:61,4
DA:74,15
DA:75,13
DA:76,4
LF:10
LH:10
BRDA:23,0,0,5
BRDA:23,0,1,1
BRDA:34,1,0,1
BRDA:34,1,1,0
BRDA:42,2,0,3
BRDA:42,2,1,2
BRDA:63,3,0,3
BRDA:63,3,1,1
BRDA:64,4,0,4
BRDA:64,4,1,1
BRDA:67,5,0,4
BRDA:67,5,1,1
BRDA:78,6,0,4
BRDA:78,6,1,1
BRDA:78,7,0,4
BRDA:78,7,1,1
BRDA:79,8,0,4
BRDA:79,8,1,1
BRDA:83,9,0,4
BRDA:83,9,1,1
BRDA:84,10,0,4
BRDA:84,10,1,1
BRF:22
BRH:21
end_of_record
TN:
SF:src/storage/localState.js
FN:30,readArray
FN:54,writeArray
FN:64,removeKey
FN:75,(anonymous_3)
FN:76,(anonymous_4)
FN:77,(anonymous_5)
FN:80,(anonymous_6)
FN:81,(anonymous_7)
FN:82,(anonymous_8)
FN:89,readLikedIds
FN:94,writeLikedIds
FN:99,toggleLikedId
FNF:12
FNH:12
FNDA:63,readArray
FNDA:19,writeArray
FNDA:2,removeKey
FNDA:26,(anonymous_3)
FNDA:6,(anonymous_4)
FNDA:1,(anonymous_5)
FNDA:7,(anonymous_6)
FNDA:3,(anonymous_7)
FNDA:1,(anonymous_8)
FNDA:30,readLikedIds
FNDA:10,writeLikedIds
FNDA:4,toggleLikedId
DA:18,2
DA:20,2
DA:32,63
DA:33,63
DA:35,1
DA:36,1
DA:38,62
DA:39,17
DA:40,17
DA:43,16
DA:45,1
DA:46,1
DA:55,19
DA:56,19
DA:57,17
DA:59,2
DA:60,2
DA:65,2
DA:66,2
DA:67,2
DA:69,0
DA:70,0
DA:75,26
DA:76,6
DA:77,2
DA:80,7
DA:81,3
DA:82,2
DA:90,30
DA:95,10
DA:100,4
DA:101,4
DA:102,4
DA:103,2
DA:104,4
LF:35
LH:33
BRDA:38,0,0,45
BRDA:38,0,1,17
BRDA:43,1,0,13
BRDA:43,1,1,3
BRDA:95,2,0,10
BRDA:95,2,1,1
BRDA:102,3,0,2
BRDA:102,3,1,2
BRF:8
BRH:8
end_of_record
TN:
SF:src/utils/activeFilterTags.js
FN:30,toColorBlindSafe
FN:53,getActiveFilterTags
FN:56,(anonymous_2)
FN:59,(anonymous_3)
FN:62,(anonymous_4)
FN:69,(anonymous_5)
FN:73,(anonymous_6)
FN:74,(anonymous_7)
FN:77,(anonymous_8)
FN:80,(anonymous_9)
FN:87,(anonymous_10)
FN:91,(anonymous_11)
FN:92,(anonymous_12)
FN:105,(anonymous_13)
FN:106,(anonymous_14)
FN:109,(anonymous_15)
FN:110,(anonymous_16)
FN:113,(anonymous_17)
FN:116,(anonymous_18)
FN:117,(anonymous_19)
FN:120,(anonymous_20)
FN:121,(anonymous_21)
FN:124,(anonymous_22)
FN:125,(anonymous_23)
FN:128,(anonymous_24)
FN:129,(anonymous_25)
FN:132,(anonymous_26)
FN:170,getFiltersAfterRemove
FN:175,(anonymous_28)
FNF:29
FNH:29
FNDA:3,toColorBlindSafe
FNDA:122,getActiveFilterTags
FNDA:135,(anonymous_2)
FNDA:22,(anonymous_3)
FNDA:281,(anonymous_4)
FNDA:75,(anonymous_5)
FNDA:12,(anonymous_6)
FNDA:23,(anonymous_7)
FNDA:8,(anonymous_8)
FNDA:8,(anonymous_9)
FNDA:10,(anonymous_10)
FNDA:9,(anonymous_11)
FNDA:18,(anonymous_12)
FNDA:12,(anonymous_13)
FNDA:17,(anonymous_14)
FNDA:8,(anonymous_15)
FNDA:8,(anonymous_16)
FNDA:9,(anonymous_17)
FNDA:10,(anonymous_18)
FNDA:16,(anonymous_19)
FNDA:6,(anonymous_20)
FNDA:6,(anonymous_21)
FNDA:6,(anonymous_22)
FNDA:6,(anonymous_23)
FNDA:9,(anonymous_24)
FNDA:32,(anonymous_25)
FNDA:8,(anonymous_26)
FNDA:26,getFiltersAfterRemove
FNDA:20,(anonymous_28)
DA:12,4
DA:13,4
DA:14,4
DA:15,4
DA:16,4
DA:17,4
DA:18,4
DA:19,4
DA:20,4
DA:21,4
DA:24,4
DA:31,3
DA:32,3
DA:33,3
DA:36,4
DA:54,122
DA:55,119
DA:56,135
DA:57,119
DA:59,119
DA:60,22
DA:61,22
DA:62,281
DA:63,44
DA:64,20
DA:65,20
DA:66,20
DA:69,75
DA:70,2
DA:73,119
DA:74,23
DA:75,12
DA:77,119
DA:78,8
DA:79,8
DA:80,8
DA:81,8
DA:82,8
DA:83,8
DA:84,8
DA:87,10
DA:88,0
DA:91,119
DA:92,18
DA:93,9
DA:96,119
DA:99,8
DA:101,119
DA:102,8
DA:105,119
DA:106,17
DA:107,12
DA:109,119
DA:110,8
DA:111,8
DA:113,119
DA:114,9
DA:116,119
DA:117,16
DA:118,10
DA:120,119
DA:121,6
DA:122,6
DA:124,119
DA:125,6
DA:126,6
DA:128,119
DA:129,32
DA:130,9
DA:132,119
DA:133,8
DA:135,119
DA:136,12
DA:139,119
DA:146,4
DA:153,4
DA:171,26
DA:172,26
DA:174,26
DA:175,20
DA:176,8
DA:177,7
DA:180,26
LF:83
LH:82
BRDA:31,0,0,0
BRDA:31,0,1,3
BRDA:32,1,0,3
BRDA:32,1,1,0
BRDA:33,2,0,3
BRDA:33,2,1,1
BRDA:53,3,0,117
BRDA:54,4,0,3
BRDA:54,4,1,119
BRDA:54,5,0,122
BRDA:54,5,1,120
BRDA:56,6,0,3
BRDA:56,6,1,132
BRDA:59,7,0,119
BRDA:59,7,1,106
BRDA:63,8,0,20
BRDA:63,8,1,24
BRDA:65,9,0,20
BRDA:65,9,1,0
BRDA:69,10,0,2
BRDA:69,10,1,20
BRDA:73,11,0,119
BRDA:73,11,1,106
BRDA:75,12,0,7
BRDA:75,12,1,5
BRDA:75,13,0,12
BRDA:75,13,1,11
BRDA:75,14,0,11
BRDA:75,14,1,7
BRDA:75,15,0,7
BRDA:75,15,1,0
BRDA:77,16,0,119
BRDA:77,16,1,110
BRDA:81,17,0,8
BRDA:81,17,1,0
BRDA:83,18,0,8
BRDA:83,18,1,0
BRDA:87,19,0,0
BRDA:87,19,1,8
BRDA:91,20,0,119
BRDA:91,20,1,109
BRDA:93,21,0,5
BRDA:93,21,1,4
BRDA:93,22,0,9
BRDA:93,22,1,8
BRDA:93,23,0,8
BRDA:93,23,1,5
BRDA:93,24,0,5
BRDA:93,24,1,0
BRDA:96,25,0,8
BRDA:96,25,1,111
BRDA:101,26,0,8
BRDA:101,26,1,111
BRDA:105,27,0,119
BRDA:105,27,1,105
BRDA:107,28,0,11
BRDA:107,28,1,1
BRDA:109,29,0,119
BRDA:109,29,1,110
BRDA:111,30,0,8
BRDA:111,30,1,0
BRDA:113,31,0,119
BRDA:113,31,1,108
BRDA:116,32,0,119
BRDA:116,32,1,108
BRDA:118,33,0,9
BRDA:118,33,1,1
BRDA:120,34,0,119
BRDA:120,34,1,112
BRDA:122,35,0,6
BRDA:122,35,1,0
BRDA:122,36,0,6
BRDA:122,36,1,0
BRDA:124,37,0,119
BRDA:124,37,1,112
BRDA:126,38,0,6
BRDA:126,38,1,0
BRDA:126,39,0,6
BRDA:126,39,1,0
BRDA:128,40,0,119
BRDA:128,40,1,109
BRDA:130,41,0,8
BRDA:130,41,1,1
BRDA:132,42,0,119
BRDA:132,42,1,110
BRDA:135,43,0,12
BRDA:135,43,1,107
BRDA:174,44,0,18
BRDA:174,44,1,8
BRDA:175,45,0,18
BRDA:175,45,1,1
BRDA:176,46,0,7
BRDA:176,46,1,1
BRF:93
BRH:80
end_of_record
TN:
SF:src/utils/aiSummarySections.js
FN:34,toLookupKey
FN:48,parseAiSummarySections
FNF:2
FNH:2
FNDA:11,toLookupKey
FNDA:17,parseAiSummarySections
DA:10,2
DA:25,2
DA:35,11
DA:49,17
DA:50,12
DA:51,12
DA:55,11
DA:56,11
DA:57,11
DA:58,12
DA:59,12
DA:60,12
DA:61,11
DA:62,11
DA:65,11
DA:66,8
LF:16
LH:16
BRDA:49,0,0,5
BRDA:49,0,1,12
BRDA:49,1,0,17
BRDA:49,1,1,14
BRDA:51,2,0,1
BRDA:51,2,1,11
BRDA:58,3,0,12
BRDA:58,3,1,0
BRDA:59,4,0,12
BRDA:59,4,1,1
BRDA:60,5,0,1
BRDA:60,5,1,11
BRDA:60,6,0,12
BRDA:60,6,1,12
BRDA:62,7,0,11
BRDA:62,7,1,0
BRDA:65,8,0,3
BRDA:65,8,1,8
BRF:18
BRH:16
end_of_record
TN:
SF:src/utils/downloadInnovation.js
FN:17,downloadInnovationToFile
FNF:1
FNH:0
FNDA:0,downloadInnovationToFile
DA:10,3
DA:18,0
DA:19,0
DA:22,0
DA:23,0
DA:24,0
DA:25,0
DA:31,0
DA:32,0
DA:33,0
DA:36,0
DA:37,0
DA:39,0
DA:40,0
DA:42,0
DA:48,0
DA:50,0
DA:51,0
LF:18
LH:1
BRDA:18,0,0,0
BRDA:18,0,1,0
BRDA:18,1,0,0
BRDA:18,1,1,0
BRDA:24,2,0,0
BRDA:24,2,1,0
BRDA:31,3,0,0
BRDA:31,3,1,0
BRDA:32,4,0,0
BRDA:32,4,1,0
BRDA:51,5,0,0
BRDA:51,5,1,0
BRF:12
BRH:0
end_of_record
TN:
SF:src/utils/filterEncoding.js
FN:36,keywordsByEntryId
FN:62,entryIdsForKeywords
FN:66,(anonymous_2)
FN:67,(anonymous_3)
FN:84,keywordsForEntries
FN:87,(anonymous_5)
FN:91,(anonymous_6)
FN:106,withExpandedKeywords
FN:115,(anonymous_8)
FNF:9
FNH:9
FNDA:49,keywordsByEntryId
FNDA:49,entryIdsForKeywords
FNDA:1925,(anonymous_2)
FNDA:781,(anonymous_3)
FNDA:25,keywordsForEntries
FNDA:23,(anonymous_5)
FNDA:40,(anonymous_6)
FNDA:17,withExpandedKeywords
FNDA:28,(anonymous_8)
DA:19,4
DA:37,49
DA:38,19
DA:39,19
DA:40,220
DA:41,1925
DA:42,57
DA:43,57
DA:47,19
DA:63,49
DA:64,19
DA:65,19
DA:66,1925
DA:67,781
DA:69,19
DA:85,25
DA:86,25
DA:87,23
DA:88,11
DA:89,10
DA:90,10
DA:91,40
DA:93,25
DA:107,17
DA:108,17
DA:109,34
DA:110,34
DA:111,16
DA:113,15
DA:114,15
DA:115,28
DA:116,16
DA:117,163
DA:120,15
DA:122,17
LF:35
LH:35
BRDA:37,0,0,30
BRDA:37,0,1,19
BRDA:40,1,0,220
BRDA:40,1,1,0
BRDA:41,2,0,57
BRDA:41,2,1,1868
BRDA:42,3,0,57
BRDA:42,3,1,16
BRDA:63,4,0,30
BRDA:63,4,1,19
BRDA:66,5,0,220
BRDA:66,5,1,0
BRDA:67,6,0,17
BRDA:67,6,1,203
BRDA:88,7,0,1
BRDA:88,7,1,10
BRDA:90,8,0,6
BRDA:90,8,1,4
BRDA:91,9,0,4
BRDA:91,9,1,0
BRDA:110,10,0,18
BRDA:110,10,1,16
BRDA:111,11,0,1
BRDA:111,11,1,15
BRDA:116,12,0,15
BRDA:116,12,1,1
BRF:26
BRH:23
end_of_record
TN:
SF:src/utils/innovationDocument.js
FN:18,sanitizeFilename
FN:26,buildTextContent
FN:28,(anonymous_2)
FN:31,(anonymous_3)
FN:89,(anonymous_4)
FN:97,(anonymous_5)
FN:125,(anonymous_6)
FN:126,(anonymous_7)
FNF:8
FNH:8
FNDA:8,sanitizeFilename
FNDA:27,buildTextContent
FNDA:141,(anonymous_2)
FNDA:124,(anonymous_3)
FNDA:34,(anonymous_4)
FNDA:17,(anonymous_5)
FNDA:18,(anonymous_6)
FNDA:34,(anonymous_7)
DA:16,4
DA:19,8
DA:28,141
DA:31,124
DA:38,27
DA:39,27
DA:42,27
DA:45,27
DA:49,27
DA:51,27
DA:53,27
DA:54,17
DA:55,17
DA:56,17
DA:57,17
DA:59,27
DA:60,18
DA:62,27
DA:64,27
DA:65,27
DA:70,27
DA:72,27
DA:73,27
DA:79,27
DA:80,27
DA:87,27
DA:88,17
DA:89,17
DA:90,34
DA:92,17
DA:95,27
DA:96,17
DA:97,17
DA:98,17
DA:100,17
DA:103,27
DA:104,27
DA:108,27
DA:109,13
DA:113,27
DA:115,27
DA:116,27
DA:123,27
DA:124,18
DA:125,18
DA:126,34
DA:127,18
DA:128,17
DA:131,18
DA:134,27
DA:135,18
DA:136,18
DA:139,27
LF:53
LH:53
BRDA:19,0,0,8
BRDA:19,0,1,3
BRDA:28,1,0,27
BRDA:28,1,1,10
BRDA:31,2,0,27
BRDA:31,2,1,10
BRDA:38,3,0,27
BRDA:38,3,1,12
BRDA:39,4,0,27
BRDA:39,4,1,11
BRDA:42,5,0,17
BRDA:42,5,1,10
BRDA:42,6,0,27
BRDA:42,6,1,17
BRDA:45,7,0,27
BRDA:45,7,1,17
BRDA:45,7,2,10
BRDA:45,7,3,9
BRDA:51,8,0,27
BRDA:51,8,1,1
BRDA:53,9,0,17
BRDA:53,9,1,10
BRDA:53,10,0,27
BRDA:53,10,1,10
BRDA:55,11,0,17
BRDA:55,11,1,0
BRDA:56,12,0,16
BRDA:56,12,1,1
BRDA:59,13,0,18
BRDA:59,13,1,9
BRDA:66,14,0,27
BRDA:66,14,1,10
BRDA:66,14,2,9
BRDA:74,15,0,27
BRDA:74,15,1,10
BRDA:75,16,0,27
BRDA:75,16,1,10
BRDA:87,17,0,17
BRDA:87,17,1,10
BRDA:87,18,0,27
BRDA:87,18,1,17
BRDA:95,19,0,17
BRDA:95,19,1,10
BRDA:95,20,0,27
BRDA:95,20,1,17
BRDA:108,21,0,13
BRDA:108,21,1,14
BRDA:117,22,0,27
BRDA:117,22,1,10
BRDA:118,23,0,27
BRDA:118,23,1,10
BRDA:118,23,2,10
BRDA:123,24,0,18
BRDA:123,24,1,9
BRDA:123,25,0,27
BRDA:123,25,1,18
BRDA:127,26,0,17
BRDA:127,26,1,1
BRDA:134,27,0,18
BRDA:134,27,1,9
BRF:60
BRH:59
end_of_record
TN:
SF:src/utils/logger.js
FN:21,createLogger
FN:24,(anonymous_1)
FN:25,(anonymous_2)
FN:26,(anonymous_3)
FNF:4
FNH:4
FNDA:26,createLogger
FNDA:9,(anonymous_1)
FNDA:6,(anonymous_2)
FNDA:5,(anonymous_3)
DA:22,26
DA:23,26
DA:24,9
DA:25,6
DA:26,5
LF:5
LH:5
BRF:0
BRH:0
end_of_record
